[2015-06-27 10:55:01] local.ERROR: exception 'Symfony\Component\Debug\Exception\FatalErrorException' with message 'Class 'Illuminate\Broadcasting\BroadcastServiceProvider' not found' in D:\websites\IntranetAPI\vendor\laravel\framework\src\Illuminate\Foundation\ProviderRepository.php:150
Stack trace:
#0 D:\websites\IntranetAPI\vendor\laravel\framework\src\Illuminate\Foundation\Bootstrap\HandleExceptions.php(131): Symfony\Component\Debug\Exception\FatalErrorException->__construct()
#1 D:\websites\IntranetAPI\vendor\laravel\framework\src\Illuminate\Foundation\Bootstrap\HandleExceptions.php(116): Illuminate\Foundation\Bootstrap\HandleExceptions->fatalExceptionFromError()
#2 D:\websites\IntranetAPI\vendor\laravel\framework\src\Illuminate\Foundation\Bootstrap\HandleExceptions.php(0): Illuminate\Foundation\Bootstrap\HandleExceptions->handleShutdown()
#3 D:\websites\IntranetAPI\vendor\laravel\framework\src\Illuminate\Foundation\ProviderRepository.php(115): Illuminate\Foundation\ProviderRepository->createProvider()
#4 D:\websites\IntranetAPI\vendor\laravel\framework\src\Illuminate\Foundation\ProviderRepository.php(59): Illuminate\Foundation\ProviderRepository->compileManifest()
#5 D:\websites\IntranetAPI\vendor\laravel\framework\src\Illuminate\Foundation\Application.php(468): Illuminate\Foundation\ProviderRepository->load()
#6 D:\websites\IntranetAPI\vendor\laravel\framework\src\Illuminate\Foundation\Bootstrap\RegisterProviders.php(15): Illuminate\Foundation\Application->registerConfiguredProviders()
#7 D:\websites\IntranetAPI\vendor\laravel\framework\src\Illuminate\Foundation\Application.php(183): Illuminate\Foundation\Bootstrap\RegisterProviders->bootstrap()
#8 D:\websites\IntranetAPI\vendor\laravel\framework\src\Illuminate\Foundation\Console\Kernel.php(195): Illuminate\Foundation\Application->bootstrapWith()
#9 D:\websites\IntranetAPI\vendor\laravel\framework\src\Illuminate\Foundation\Console\Kernel.php(92): Illuminate\Foundation\Console\Kernel->bootstrap()
#10 D:\websites\IntranetAPI\artisan(36): Illuminate\Foundation\Console\Kernel->handle()
#11 D:\websites\IntranetAPI\artisan(0): {main}()
#12 {main}  
[2015-06-27 10:58:19] local.ERROR: exception 'Symfony\Component\Debug\Exception\FatalErrorException' with message 'Class 'Illuminate\Broadcasting\BroadcastServiceProvider' not found' in D:\websites\IntranetAPI\vendor\laravel\framework\src\Illuminate\Foundation\ProviderRepository.php:150
Stack trace:
#0 D:\websites\IntranetAPI\vendor\laravel\framework\src\Illuminate\Foundation\Bootstrap\HandleExceptions.php(131): Symfony\Component\Debug\Exception\FatalErrorException->__construct()
#1 D:\websites\IntranetAPI\vendor\laravel\framework\src\Illuminate\Foundation\Bootstrap\HandleExceptions.php(116): Illuminate\Foundation\Bootstrap\HandleExceptions->fatalExceptionFromError()
#2 D:\websites\IntranetAPI\vendor\laravel\framework\src\Illuminate\Foundation\Bootstrap\HandleExceptions.php(0): Illuminate\Foundation\Bootstrap\HandleExceptions->handleShutdown()
#3 D:\websites\IntranetAPI\vendor\laravel\framework\src\Illuminate\Foundation\ProviderRepository.php(115): Illuminate\Foundation\ProviderRepository->createProvider()
#4 D:\websites\IntranetAPI\vendor\laravel\framework\src\Illuminate\Foundation\ProviderRepository.php(59): Illuminate\Foundation\ProviderRepository->compileManifest()
#5 D:\websites\IntranetAPI\vendor\laravel\framework\src\Illuminate\Foundation\Application.php(468): Illuminate\Foundation\ProviderRepository->load()
#6 D:\websites\IntranetAPI\vendor\laravel\framework\src\Illuminate\Foundation\Bootstrap\RegisterProviders.php(15): Illuminate\Foundation\Application->registerConfiguredProviders()
#7 D:\websites\IntranetAPI\vendor\laravel\framework\src\Illuminate\Foundation\Application.php(183): Illuminate\Foundation\Bootstrap\RegisterProviders->bootstrap()
#8 D:\websites\IntranetAPI\vendor\laravel\framework\src\Illuminate\Foundation\Console\Kernel.php(195): Illuminate\Foundation\Application->bootstrapWith()
#9 D:\websites\IntranetAPI\vendor\laravel\framework\src\Illuminate\Foundation\Console\Kernel.php(92): Illuminate\Foundation\Console\Kernel->bootstrap()
#10 D:\websites\IntranetAPI\artisan(36): Illuminate\Foundation\Console\Kernel->handle()
#11 D:\websites\IntranetAPI\artisan(0): {main}()
#12 {main}  
[2015-06-27 11:01:01] local.ERROR: exception 'ReflectionException' with message 'Class LucaDegasperi\OAuth2Server\Middleware\OAuthMiddleware does not exist' in D:\websites\IntranetAPI\vendor\laravel\framework\src\Illuminate\Container\Container.php:779
Stack trace:
#0 D:\websites\IntranetAPI\vendor\laravel\framework\src\Illuminate\Container\Container.php(779): ReflectionClass->__construct('LucaDegasperi\\O...')
#1 D:\websites\IntranetAPI\vendor\laravel\framework\src\Illuminate\Container\Container.php(659): Illuminate\Container\Container->build('LucaDegasperi\\O...', Array)
#2 D:\websites\IntranetAPI\vendor\laravel\framework\src\Illuminate\Foundation\Application.php(644): Illuminate\Container\Container->make('LucaDegasperi\\O...', Array)
#3 D:\websites\IntranetAPI\vendor\laravel\framework\src\Illuminate\Pipeline\Pipeline.php(124): Illuminate\Foundation\Application->make('LucaDegasperi\\O...')
#4 [internal function]: Illuminate\Pipeline\Pipeline->Illuminate\Pipeline\{closure}(Object(Illuminate\Http\Request))
#5 D:\websites\IntranetAPI\vendor\laravel\framework\src\Illuminate\Pipeline\Pipeline.php(101): call_user_func(Object(Closure), Object(Illuminate\Http\Request))
#6 D:\websites\IntranetAPI\vendor\laravel\framework\src\Illuminate\Routing\Router.php(703): Illuminate\Pipeline\Pipeline->then(Object(Closure))
#7 D:\websites\IntranetAPI\vendor\laravel\framework\src\Illuminate\Routing\Router.php(670): Illuminate\Routing\Router->runRouteWithinStack(Object(Illuminate\Routing\Route), Object(Illuminate\Http\Request))
#8 D:\websites\IntranetAPI\vendor\laravel\framework\src\Illuminate\Routing\Router.php(628): Illuminate\Routing\Router->dispatchToRoute(Object(Illuminate\Http\Request))
#9 D:\websites\IntranetAPI\vendor\laravel\framework\src\Illuminate\Foundation\Http\Kernel.php(214): Illuminate\Routing\Router->dispatch(Object(Illuminate\Http\Request))
#10 [internal function]: Illuminate\Foundation\Http\Kernel->Illuminate\Foundation\Http\{closure}(Object(Illuminate\Http\Request))
#11 D:\websites\IntranetAPI\vendor\laravel\framework\src\Illuminate\Pipeline\Pipeline.php(141): call_user_func(Object(Closure), Object(Illuminate\Http\Request))
#12 D:\websites\IntranetAPI\vendor\lucadegasperi\oauth2-server-laravel\src\Middleware\OAuthExceptionHandlerMiddleware.php(19): Illuminate\Pipeline\Pipeline->Illuminate\Pipeline\{closure}(Object(Illuminate\Http\Request))
#13 D:\websites\IntranetAPI\vendor\laravel\framework\src\Illuminate\Pipeline\Pipeline.php(125): LucaDegasperi\OAuth2Server\Middleware\OAuthExceptionHandlerMiddleware->handle(Object(Illuminate\Http\Request), Object(Closure))
#14 D:\websites\IntranetAPI\vendor\laravel\framework\src\Illuminate\View\Middleware\ShareErrorsFromSession.php(55): Illuminate\Pipeline\Pipeline->Illuminate\Pipeline\{closure}(Object(Illuminate\Http\Request))
#15 D:\websites\IntranetAPI\vendor\laravel\framework\src\Illuminate\Pipeline\Pipeline.php(125): Illuminate\View\Middleware\ShareErrorsFromSession->handle(Object(Illuminate\Http\Request), Object(Closure))
#16 D:\websites\IntranetAPI\vendor\laravel\framework\src\Illuminate\Session\Middleware\StartSession.php(61): Illuminate\Pipeline\Pipeline->Illuminate\Pipeline\{closure}(Object(Illuminate\Http\Request))
#17 D:\websites\IntranetAPI\vendor\laravel\framework\src\Illuminate\Pipeline\Pipeline.php(125): Illuminate\Session\Middleware\StartSession->handle(Object(Illuminate\Http\Request), Object(Closure))
#18 D:\websites\IntranetAPI\vendor\laravel\framework\src\Illuminate\Cookie\Middleware\AddQueuedCookiesToResponse.php(36): Illuminate\Pipeline\Pipeline->Illuminate\Pipeline\{closure}(Object(Illuminate\Http\Request))
#19 D:\websites\IntranetAPI\vendor\laravel\framework\src\Illuminate\Pipeline\Pipeline.php(125): Illuminate\Cookie\Middleware\AddQueuedCookiesToResponse->handle(Object(Illuminate\Http\Request), Object(Closure))
#20 D:\websites\IntranetAPI\vendor\laravel\framework\src\Illuminate\Cookie\Middleware\EncryptCookies.php(40): Illuminate\Pipeline\Pipeline->Illuminate\Pipeline\{closure}(Object(Illuminate\Http\Request))
#21 D:\websites\IntranetAPI\vendor\laravel\framework\src\Illuminate\Pipeline\Pipeline.php(125): Illuminate\Cookie\Middleware\EncryptCookies->handle(Object(Illuminate\Http\Request), Object(Closure))
#22 D:\websites\IntranetAPI\vendor\laravel\framework\src\Illuminate\Foundation\Http\Middleware\CheckForMaintenanceMode.php(42): Illuminate\Pipeline\Pipeline->Illuminate\Pipeline\{closure}(Object(Illuminate\Http\Request))
#23 D:\websites\IntranetAPI\vendor\laravel\framework\src\Illuminate\Pipeline\Pipeline.php(125): Illuminate\Foundation\Http\Middleware\CheckForMaintenanceMode->handle(Object(Illuminate\Http\Request), Object(Closure))
#24 [internal function]: Illuminate\Pipeline\Pipeline->Illuminate\Pipeline\{closure}(Object(Illuminate\Http\Request))
#25 D:\websites\IntranetAPI\vendor\laravel\framework\src\Illuminate\Pipeline\Pipeline.php(101): call_user_func(Object(Closure), Object(Illuminate\Http\Request))
#26 D:\websites\IntranetAPI\vendor\laravel\framework\src\Illuminate\Foundation\Http\Kernel.php(115): Illuminate\Pipeline\Pipeline->then(Object(Closure))
#27 D:\websites\IntranetAPI\vendor\laravel\framework\src\Illuminate\Foundation\Http\Kernel.php(84): Illuminate\Foundation\Http\Kernel->sendRequestThroughRouter(Object(Illuminate\Http\Request))
#28 D:\websites\IntranetAPI\public\index.php(53): Illuminate\Foundation\Http\Kernel->handle(Object(Illuminate\Http\Request))
#29 {main}  
[2015-06-27 11:01:01] local.ERROR: exception 'ReflectionException' with message 'Class LucaDegasperi\OAuth2Server\Middleware\OAuthMiddleware does not exist' in D:\websites\IntranetAPI\vendor\laravel\framework\src\Illuminate\Container\Container.php:779
Stack trace:
#0 D:\websites\IntranetAPI\vendor\laravel\framework\src\Illuminate\Container\Container.php(779): ReflectionClass->__construct('LucaDegasperi\\O...')
#1 D:\websites\IntranetAPI\vendor\laravel\framework\src\Illuminate\Container\Container.php(659): Illuminate\Container\Container->build('LucaDegasperi\\O...', Array)
#2 D:\websites\IntranetAPI\vendor\laravel\framework\src\Illuminate\Foundation\Application.php(644): Illuminate\Container\Container->make('LucaDegasperi\\O...', Array)
#3 D:\websites\IntranetAPI\vendor\laravel\framework\src\Illuminate\Foundation\Http\Kernel.php(131): Illuminate\Foundation\Application->make('LucaDegasperi\\O...')
#4 D:\websites\IntranetAPI\public\index.php(57): Illuminate\Foundation\Http\Kernel->terminate(Object(Illuminate\Http\Request), Object(Symfony\Component\HttpFoundation\Response))
#5 {main}  
[2015-06-27 11:03:02] local.ERROR: exception 'ErrorException' with message 'Argument 1 passed to League\OAuth2\Server\Grant\PasswordGrant::setVerifyCredentialsCallback() must be callable, string given, called in D:\websites\IntranetAPI\vendor\lucadegasperi\oauth2-server-laravel\src\OAuth2ServerServiceProvider.php on line 103 and defined' in D:\websites\IntranetAPI\vendor\league\oauth2-server\src\Grant\PasswordGrant.php:62
Stack trace:
#0 D:\websites\IntranetAPI\vendor\league\oauth2-server\src\Grant\PasswordGrant.php(62): Illuminate\Foundation\Bootstrap\HandleExceptions->handleError(4096, 'Argument 1 pass...', 'D:\\websites\\Int...', 62, Array)
#1 D:\websites\IntranetAPI\vendor\lucadegasperi\oauth2-server-laravel\src\OAuth2ServerServiceProvider.php(103): League\OAuth2\Server\Grant\PasswordGrant->setVerifyCredentialsCallback('\\App\\Verifier@v...')
#2 D:\websites\IntranetAPI\vendor\laravel\framework\src\Illuminate\Container\Container.php(290): LucaDegasperi\OAuth2Server\OAuth2ServerServiceProvider->LucaDegasperi\OAuth2Server\{closure}(Object(Illuminate\Foundation\Application))
#3 D:\websites\IntranetAPI\vendor\laravel\framework\src\Illuminate\Container\Container.php(776): Illuminate\Container\Container->Illuminate\Container\{closure}(Object(Illuminate\Foundation\Application), Array)
#4 D:\websites\IntranetAPI\vendor\laravel\framework\src\Illuminate\Container\Container.php(659): Illuminate\Container\Container->build(Object(Closure), Array)
#5 D:\websites\IntranetAPI\vendor\laravel\framework\src\Illuminate\Foundation\Application.php(644): Illuminate\Container\Container->make('oauth2-server.a...', Array)
#6 D:\websites\IntranetAPI\vendor\laravel\framework\src\Illuminate\Container\Container.php(1234): Illuminate\Foundation\Application->make('oauth2-server.a...')
#7 D:\websites\IntranetAPI\vendor\lucadegasperi\oauth2-server-laravel\src\OAuth2ServerServiceProvider.php(127): Illuminate\Container\Container->offsetGet('oauth2-server.a...')
#8 D:\websites\IntranetAPI\vendor\laravel\framework\src\Illuminate\Container\Container.php(776): LucaDegasperi\OAuth2Server\OAuth2ServerServiceProvider->LucaDegasperi\OAuth2Server\{closure}(Object(Illuminate\Foundation\Application), Array)
#9 D:\websites\IntranetAPI\vendor\laravel\framework\src\Illuminate\Container\Container.php(659): Illuminate\Container\Container->build(Object(Closure), Array)
#10 D:\websites\IntranetAPI\vendor\laravel\framework\src\Illuminate\Foundation\Application.php(644): Illuminate\Container\Container->make('LucaDegasperi\\O...', Array)
#11 D:\websites\IntranetAPI\vendor\laravel\framework\src\Illuminate\Container\Container.php(890): Illuminate\Foundation\Application->make('LucaDegasperi\\O...')
#12 D:\websites\IntranetAPI\vendor\laravel\framework\src\Illuminate\Container\Container.php(851): Illuminate\Container\Container->resolveClass(Object(ReflectionParameter))
#13 D:\websites\IntranetAPI\vendor\laravel\framework\src\Illuminate\Container\Container.php(816): Illuminate\Container\Container->getDependencies(Array, Array)
#14 D:\websites\IntranetAPI\vendor\laravel\framework\src\Illuminate\Container\Container.php(659): Illuminate\Container\Container->build('LucaDegasperi\\O...', Array)
#15 D:\websites\IntranetAPI\vendor\laravel\framework\src\Illuminate\Foundation\Application.php(644): Illuminate\Container\Container->make('LucaDegasperi\\O...', Array)
#16 D:\websites\IntranetAPI\vendor\laravel\framework\src\Illuminate\Pipeline\Pipeline.php(124): Illuminate\Foundation\Application->make('LucaDegasperi\\O...')
#17 [internal function]: Illuminate\Pipeline\Pipeline->Illuminate\Pipeline\{closure}(Object(Illuminate\Http\Request))
#18 D:\websites\IntranetAPI\vendor\laravel\framework\src\Illuminate\Pipeline\Pipeline.php(101): call_user_func(Object(Closure), Object(Illuminate\Http\Request))
#19 D:\websites\IntranetAPI\vendor\laravel\framework\src\Illuminate\Routing\Router.php(703): Illuminate\Pipeline\Pipeline->then(Object(Closure))
#20 D:\websites\IntranetAPI\vendor\laravel\framework\src\Illuminate\Routing\Router.php(670): Illuminate\Routing\Router->runRouteWithinStack(Object(Illuminate\Routing\Route), Object(Illuminate\Http\Request))
#21 D:\websites\IntranetAPI\vendor\laravel\framework\src\Illuminate\Routing\Router.php(628): Illuminate\Routing\Router->dispatchToRoute(Object(Illuminate\Http\Request))
#22 D:\websites\IntranetAPI\vendor\laravel\framework\src\Illuminate\Foundation\Http\Kernel.php(214): Illuminate\Routing\Router->dispatch(Object(Illuminate\Http\Request))
#23 [internal function]: Illuminate\Foundation\Http\Kernel->Illuminate\Foundation\Http\{closure}(Object(Illuminate\Http\Request))
#24 D:\websites\IntranetAPI\vendor\laravel\framework\src\Illuminate\Pipeline\Pipeline.php(141): call_user_func(Object(Closure), Object(Illuminate\Http\Request))
#25 D:\websites\IntranetAPI\vendor\lucadegasperi\oauth2-server-laravel\src\Middleware\OAuthExceptionHandlerMiddleware.php(19): Illuminate\Pipeline\Pipeline->Illuminate\Pipeline\{closure}(Object(Illuminate\Http\Request))
#26 D:\websites\IntranetAPI\vendor\laravel\framework\src\Illuminate\Pipeline\Pipeline.php(125): LucaDegasperi\OAuth2Server\Middleware\OAuthExceptionHandlerMiddleware->handle(Object(Illuminate\Http\Request), Object(Closure))
#27 D:\websites\IntranetAPI\vendor\laravel\framework\src\Illuminate\View\Middleware\ShareErrorsFromSession.php(55): Illuminate\Pipeline\Pipeline->Illuminate\Pipeline\{closure}(Object(Illuminate\Http\Request))
#28 D:\websites\IntranetAPI\vendor\laravel\framework\src\Illuminate\Pipeline\Pipeline.php(125): Illuminate\View\Middleware\ShareErrorsFromSession->handle(Object(Illuminate\Http\Request), Object(Closure))
#29 D:\websites\IntranetAPI\vendor\laravel\framework\src\Illuminate\Session\Middleware\StartSession.php(61): Illuminate\Pipeline\Pipeline->Illuminate\Pipeline\{closure}(Object(Illuminate\Http\Request))
#30 D:\websites\IntranetAPI\vendor\laravel\framework\src\Illuminate\Pipeline\Pipeline.php(125): Illuminate\Session\Middleware\StartSession->handle(Object(Illuminate\Http\Request), Object(Closure))
#31 D:\websites\IntranetAPI\vendor\laravel\framework\src\Illuminate\Cookie\Middleware\AddQueuedCookiesToResponse.php(36): Illuminate\Pipeline\Pipeline->Illuminate\Pipeline\{closure}(Object(Illuminate\Http\Request))
#32 D:\websites\IntranetAPI\vendor\laravel\framework\src\Illuminate\Pipeline\Pipeline.php(125): Illuminate\Cookie\Middleware\AddQueuedCookiesToResponse->handle(Object(Illuminate\Http\Request), Object(Closure))
#33 D:\websites\IntranetAPI\vendor\laravel\framework\src\Illuminate\Cookie\Middleware\EncryptCookies.php(40): Illuminate\Pipeline\Pipeline->Illuminate\Pipeline\{closure}(Object(Illuminate\Http\Request))
#34 D:\websites\IntranetAPI\vendor\laravel\framework\src\Illuminate\Pipeline\Pipeline.php(125): Illuminate\Cookie\Middleware\EncryptCookies->handle(Object(Illuminate\Http\Request), Object(Closure))
#35 D:\websites\IntranetAPI\vendor\laravel\framework\src\Illuminate\Foundation\Http\Middleware\CheckForMaintenanceMode.php(42): Illuminate\Pipeline\Pipeline->Illuminate\Pipeline\{closure}(Object(Illuminate\Http\Request))
#36 D:\websites\IntranetAPI\vendor\laravel\framework\src\Illuminate\Pipeline\Pipeline.php(125): Illuminate\Foundation\Http\Middleware\CheckForMaintenanceMode->handle(Object(Illuminate\Http\Request), Object(Closure))
#37 [internal function]: Illuminate\Pipeline\Pipeline->Illuminate\Pipeline\{closure}(Object(Illuminate\Http\Request))
#38 D:\websites\IntranetAPI\vendor\laravel\framework\src\Illuminate\Pipeline\Pipeline.php(101): call_user_func(Object(Closure), Object(Illuminate\Http\Request))
#39 D:\websites\IntranetAPI\vendor\laravel\framework\src\Illuminate\Foundation\Http\Kernel.php(115): Illuminate\Pipeline\Pipeline->then(Object(Closure))
#40 D:\websites\IntranetAPI\vendor\laravel\framework\src\Illuminate\Foundation\Http\Kernel.php(84): Illuminate\Foundation\Http\Kernel->sendRequestThroughRouter(Object(Illuminate\Http\Request))
#41 D:\websites\IntranetAPI\public\index.php(53): Illuminate\Foundation\Http\Kernel->handle(Object(Illuminate\Http\Request))
#42 {main}  
[2015-06-27 11:03:03] local.ERROR: exception 'ErrorException' with message 'Argument 1 passed to League\OAuth2\Server\Grant\PasswordGrant::setVerifyCredentialsCallback() must be callable, string given, called in D:\websites\IntranetAPI\vendor\lucadegasperi\oauth2-server-laravel\src\OAuth2ServerServiceProvider.php on line 103 and defined' in D:\websites\IntranetAPI\vendor\league\oauth2-server\src\Grant\PasswordGrant.php:62
Stack trace:
#0 D:\websites\IntranetAPI\vendor\league\oauth2-server\src\Grant\PasswordGrant.php(62): Illuminate\Foundation\Bootstrap\HandleExceptions->handleError(4096, 'Argument 1 pass...', 'D:\\websites\\Int...', 62, Array)
#1 D:\websites\IntranetAPI\vendor\lucadegasperi\oauth2-server-laravel\src\OAuth2ServerServiceProvider.php(103): League\OAuth2\Server\Grant\PasswordGrant->setVerifyCredentialsCallback('\\App\\Verifier@v...')
#2 D:\websites\IntranetAPI\vendor\laravel\framework\src\Illuminate\Container\Container.php(290): LucaDegasperi\OAuth2Server\OAuth2ServerServiceProvider->LucaDegasperi\OAuth2Server\{closure}(Object(Illuminate\Foundation\Application))
#3 D:\websites\IntranetAPI\vendor\laravel\framework\src\Illuminate\Container\Container.php(776): Illuminate\Container\Container->Illuminate\Container\{closure}(Object(Illuminate\Foundation\Application), Array)
#4 D:\websites\IntranetAPI\vendor\laravel\framework\src\Illuminate\Container\Container.php(659): Illuminate\Container\Container->build(Object(Closure), Array)
#5 D:\websites\IntranetAPI\vendor\laravel\framework\src\Illuminate\Foundation\Application.php(644): Illuminate\Container\Container->make('oauth2-server.a...', Array)
#6 D:\websites\IntranetAPI\vendor\laravel\framework\src\Illuminate\Container\Container.php(1234): Illuminate\Foundation\Application->make('oauth2-server.a...')
#7 D:\websites\IntranetAPI\vendor\lucadegasperi\oauth2-server-laravel\src\OAuth2ServerServiceProvider.php(127): Illuminate\Container\Container->offsetGet('oauth2-server.a...')
#8 D:\websites\IntranetAPI\vendor\laravel\framework\src\Illuminate\Container\Container.php(776): LucaDegasperi\OAuth2Server\OAuth2ServerServiceProvider->LucaDegasperi\OAuth2Server\{closure}(Object(Illuminate\Foundation\Application), Array)
#9 D:\websites\IntranetAPI\vendor\laravel\framework\src\Illuminate\Container\Container.php(659): Illuminate\Container\Container->build(Object(Closure), Array)
#10 D:\websites\IntranetAPI\vendor\laravel\framework\src\Illuminate\Foundation\Application.php(644): Illuminate\Container\Container->make('LucaDegasperi\\O...', Array)
#11 D:\websites\IntranetAPI\vendor\laravel\framework\src\Illuminate\Container\Container.php(890): Illuminate\Foundation\Application->make('LucaDegasperi\\O...')
#12 D:\websites\IntranetAPI\vendor\laravel\framework\src\Illuminate\Container\Container.php(851): Illuminate\Container\Container->resolveClass(Object(ReflectionParameter))
#13 D:\websites\IntranetAPI\vendor\laravel\framework\src\Illuminate\Container\Container.php(816): Illuminate\Container\Container->getDependencies(Array, Array)
#14 D:\websites\IntranetAPI\vendor\laravel\framework\src\Illuminate\Container\Container.php(659): Illuminate\Container\Container->build('LucaDegasperi\\O...', Array)
#15 D:\websites\IntranetAPI\vendor\laravel\framework\src\Illuminate\Foundation\Application.php(644): Illuminate\Container\Container->make('LucaDegasperi\\O...', Array)
#16 D:\websites\IntranetAPI\vendor\laravel\framework\src\Illuminate\Foundation\Http\Kernel.php(131): Illuminate\Foundation\Application->make('LucaDegasperi\\O...')
#17 D:\websites\IntranetAPI\public\index.php(57): Illuminate\Foundation\Http\Kernel->terminate(Object(Illuminate\Http\Request), Object(Symfony\Component\HttpFoundation\Response))
#18 {main}  
[2015-06-27 11:42:29] local.ERROR: exception 'ErrorException' with message 'include(D:\websites\IntranetAPI/app/User.php): failed to open stream: No such file or directory' in D:\websites\IntranetAPI\vendor\composer\ClassLoader.php:412
Stack trace:
#0 D:\websites\IntranetAPI\vendor\composer\ClassLoader.php(412): Illuminate\Foundation\Bootstrap\HandleExceptions->handleError(2, 'include(D:\\webs...', 'D:\\websites\\Int...', 412, Array)
#1 D:\websites\IntranetAPI\vendor\composer\ClassLoader.php(412): Composer\Autoload\includeFile()
#2 D:\websites\IntranetAPI\vendor\composer\ClassLoader.php(301): Composer\Autoload\includeFile('D:\\websites\\Int...')
#3 [internal function]: Composer\Autoload\ClassLoader->loadClass('App\\User')
#4 D:\websites\IntranetAPI\vendor\laravel\framework\src\Illuminate\Auth\EloquentUserProvider.php(125): spl_autoload_call('App\\User')
#5 D:\websites\IntranetAPI\vendor\laravel\framework\src\Illuminate\Auth\EloquentUserProvider.php(44): Illuminate\Auth\EloquentUserProvider->createModel()
#6 D:\websites\IntranetAPI\vendor\laravel\framework\src\Illuminate\Auth\Guard.php(148): Illuminate\Auth\EloquentUserProvider->retrieveById(1)
#7 D:\websites\IntranetAPI\vendor\laravel\framework\src\Illuminate\Auth\Guard.php(109): Illuminate\Auth\Guard->user()
#8 D:\websites\IntranetAPI\vendor\laravel\framework\src\Illuminate\Auth\Guard.php(288): Illuminate\Auth\Guard->check()
#9 D:\websites\IntranetAPI\vendor\laravel\framework\src\Illuminate\Auth\Middleware\AuthenticateWithBasicAuth.php(36): Illuminate\Auth\Guard->basic()
#10 D:\websites\IntranetAPI\vendor\laravel\framework\src\Illuminate\Pipeline\Pipeline.php(125): Illuminate\Auth\Middleware\AuthenticateWithBasicAuth->handle(Object(Illuminate\Http\Request), Object(Closure))
#11 [internal function]: Illuminate\Pipeline\Pipeline->Illuminate\Pipeline\{closure}(Object(Illuminate\Http\Request))
#12 D:\websites\IntranetAPI\vendor\laravel\framework\src\Illuminate\Pipeline\Pipeline.php(101): call_user_func(Object(Closure), Object(Illuminate\Http\Request))
#13 D:\websites\IntranetAPI\vendor\laravel\framework\src\Illuminate\Routing\Router.php(703): Illuminate\Pipeline\Pipeline->then(Object(Closure))
#14 D:\websites\IntranetAPI\vendor\laravel\framework\src\Illuminate\Routing\Router.php(670): Illuminate\Routing\Router->runRouteWithinStack(Object(Illuminate\Routing\Route), Object(Illuminate\Http\Request))
#15 D:\websites\IntranetAPI\vendor\laravel\framework\src\Illuminate\Routing\Router.php(628): Illuminate\Routing\Router->dispatchToRoute(Object(Illuminate\Http\Request))
#16 D:\websites\IntranetAPI\vendor\laravel\framework\src\Illuminate\Foundation\Http\Kernel.php(214): Illuminate\Routing\Router->dispatch(Object(Illuminate\Http\Request))
#17 [internal function]: Illuminate\Foundation\Http\Kernel->Illuminate\Foundation\Http\{closure}(Object(Illuminate\Http\Request))
#18 D:\websites\IntranetAPI\vendor\laravel\framework\src\Illuminate\Pipeline\Pipeline.php(141): call_user_func(Object(Closure), Object(Illuminate\Http\Request))
#19 D:\websites\IntranetAPI\vendor\laravel\framework\src\Illuminate\View\Middleware\ShareErrorsFromSession.php(55): Illuminate\Pipeline\Pipeline->Illuminate\Pipeline\{closure}(Object(Illuminate\Http\Request))
#20 D:\websites\IntranetAPI\vendor\laravel\framework\src\Illuminate\Pipeline\Pipeline.php(125): Illuminate\View\Middleware\ShareErrorsFromSession->handle(Object(Illuminate\Http\Request), Object(Closure))
#21 D:\websites\IntranetAPI\vendor\laravel\framework\src\Illuminate\Session\Middleware\StartSession.php(61): Illuminate\Pipeline\Pipeline->Illuminate\Pipeline\{closure}(Object(Illuminate\Http\Request))
#22 D:\websites\IntranetAPI\vendor\laravel\framework\src\Illuminate\Pipeline\Pipeline.php(125): Illuminate\Session\Middleware\StartSession->handle(Object(Illuminate\Http\Request), Object(Closure))
#23 D:\websites\IntranetAPI\vendor\laravel\framework\src\Illuminate\Cookie\Middleware\AddQueuedCookiesToResponse.php(36): Illuminate\Pipeline\Pipeline->Illuminate\Pipeline\{closure}(Object(Illuminate\Http\Request))
#24 D:\websites\IntranetAPI\vendor\laravel\framework\src\Illuminate\Pipeline\Pipeline.php(125): Illuminate\Cookie\Middleware\AddQueuedCookiesToResponse->handle(Object(Illuminate\Http\Request), Object(Closure))
#25 D:\websites\IntranetAPI\vendor\laravel\framework\src\Illuminate\Cookie\Middleware\EncryptCookies.php(40): Illuminate\Pipeline\Pipeline->Illuminate\Pipeline\{closure}(Object(Illuminate\Http\Request))
#26 D:\websites\IntranetAPI\vendor\laravel\framework\src\Illuminate\Pipeline\Pipeline.php(125): Illuminate\Cookie\Middleware\EncryptCookies->handle(Object(Illuminate\Http\Request), Object(Closure))
#27 D:\websites\IntranetAPI\vendor\laravel\framework\src\Illuminate\Foundation\Http\Middleware\CheckForMaintenanceMode.php(42): Illuminate\Pipeline\Pipeline->Illuminate\Pipeline\{closure}(Object(Illuminate\Http\Request))
#28 D:\websites\IntranetAPI\vendor\laravel\framework\src\Illuminate\Pipeline\Pipeline.php(125): Illuminate\Foundation\Http\Middleware\CheckForMaintenanceMode->handle(Object(Illuminate\Http\Request), Object(Closure))
#29 [internal function]: Illuminate\Pipeline\Pipeline->Illuminate\Pipeline\{closure}(Object(Illuminate\Http\Request))
#30 D:\websites\IntranetAPI\vendor\laravel\framework\src\Illuminate\Pipeline\Pipeline.php(101): call_user_func(Object(Closure), Object(Illuminate\Http\Request))
#31 D:\websites\IntranetAPI\vendor\laravel\framework\src\Illuminate\Foundation\Http\Kernel.php(115): Illuminate\Pipeline\Pipeline->then(Object(Closure))
#32 D:\websites\IntranetAPI\vendor\laravel\framework\src\Illuminate\Foundation\Http\Kernel.php(84): Illuminate\Foundation\Http\Kernel->sendRequestThroughRouter(Object(Illuminate\Http\Request))
#33 D:\websites\IntranetAPI\public\index.php(53): Illuminate\Foundation\Http\Kernel->handle(Object(Illuminate\Http\Request))
#34 {main}  
[2015-06-27 11:42:38] local.ERROR: exception 'ErrorException' with message 'include(D:\websites\IntranetAPI/app/User.php): failed to open stream: No such file or directory' in D:\websites\IntranetAPI\vendor\composer\ClassLoader.php:412
Stack trace:
#0 D:\websites\IntranetAPI\vendor\composer\ClassLoader.php(412): Illuminate\Foundation\Bootstrap\HandleExceptions->handleError(2, 'include(D:\\webs...', 'D:\\websites\\Int...', 412, Array)
#1 D:\websites\IntranetAPI\vendor\composer\ClassLoader.php(412): Composer\Autoload\includeFile()
#2 D:\websites\IntranetAPI\vendor\composer\ClassLoader.php(301): Composer\Autoload\includeFile('D:\\websites\\Int...')
#3 [internal function]: Composer\Autoload\ClassLoader->loadClass('App\\User')
#4 D:\websites\IntranetAPI\vendor\laravel\framework\src\Illuminate\Auth\EloquentUserProvider.php(125): spl_autoload_call('App\\User')
#5 D:\websites\IntranetAPI\vendor\laravel\framework\src\Illuminate\Auth\EloquentUserProvider.php(44): Illuminate\Auth\EloquentUserProvider->createModel()
#6 D:\websites\IntranetAPI\vendor\laravel\framework\src\Illuminate\Auth\Guard.php(148): Illuminate\Auth\EloquentUserProvider->retrieveById(1)
#7 D:\websites\IntranetAPI\vendor\laravel\framework\src\Illuminate\Auth\Guard.php(109): Illuminate\Auth\Guard->user()
#8 D:\websites\IntranetAPI\vendor\laravel\framework\src\Illuminate\Auth\Guard.php(288): Illuminate\Auth\Guard->check()
#9 D:\websites\IntranetAPI\vendor\laravel\framework\src\Illuminate\Auth\Middleware\AuthenticateWithBasicAuth.php(36): Illuminate\Auth\Guard->basic()
#10 D:\websites\IntranetAPI\vendor\laravel\framework\src\Illuminate\Pipeline\Pipeline.php(125): Illuminate\Auth\Middleware\AuthenticateWithBasicAuth->handle(Object(Illuminate\Http\Request), Object(Closure))
#11 [internal function]: Illuminate\Pipeline\Pipeline->Illuminate\Pipeline\{closure}(Object(Illuminate\Http\Request))
#12 D:\websites\IntranetAPI\vendor\laravel\framework\src\Illuminate\Pipeline\Pipeline.php(101): call_user_func(Object(Closure), Object(Illuminate\Http\Request))
#13 D:\websites\IntranetAPI\vendor\laravel\framework\src\Illuminate\Routing\Router.php(703): Illuminate\Pipeline\Pipeline->then(Object(Closure))
#14 D:\websites\IntranetAPI\vendor\laravel\framework\src\Illuminate\Routing\Router.php(670): Illuminate\Routing\Router->runRouteWithinStack(Object(Illuminate\Routing\Route), Object(Illuminate\Http\Request))
#15 D:\websites\IntranetAPI\vendor\laravel\framework\src\Illuminate\Routing\Router.php(628): Illuminate\Routing\Router->dispatchToRoute(Object(Illuminate\Http\Request))
#16 D:\websites\IntranetAPI\vendor\laravel\framework\src\Illuminate\Foundation\Http\Kernel.php(214): Illuminate\Routing\Router->dispatch(Object(Illuminate\Http\Request))
#17 [internal function]: Illuminate\Foundation\Http\Kernel->Illuminate\Foundation\Http\{closure}(Object(Illuminate\Http\Request))
#18 D:\websites\IntranetAPI\vendor\laravel\framework\src\Illuminate\Pipeline\Pipeline.php(141): call_user_func(Object(Closure), Object(Illuminate\Http\Request))
#19 D:\websites\IntranetAPI\vendor\laravel\framework\src\Illuminate\View\Middleware\ShareErrorsFromSession.php(55): Illuminate\Pipeline\Pipeline->Illuminate\Pipeline\{closure}(Object(Illuminate\Http\Request))
#20 D:\websites\IntranetAPI\vendor\laravel\framework\src\Illuminate\Pipeline\Pipeline.php(125): Illuminate\View\Middleware\ShareErrorsFromSession->handle(Object(Illuminate\Http\Request), Object(Closure))
#21 D:\websites\IntranetAPI\vendor\laravel\framework\src\Illuminate\Session\Middleware\StartSession.php(61): Illuminate\Pipeline\Pipeline->Illuminate\Pipeline\{closure}(Object(Illuminate\Http\Request))
#22 D:\websites\IntranetAPI\vendor\laravel\framework\src\Illuminate\Pipeline\Pipeline.php(125): Illuminate\Session\Middleware\StartSession->handle(Object(Illuminate\Http\Request), Object(Closure))
#23 D:\websites\IntranetAPI\vendor\laravel\framework\src\Illuminate\Cookie\Middleware\AddQueuedCookiesToResponse.php(36): Illuminate\Pipeline\Pipeline->Illuminate\Pipeline\{closure}(Object(Illuminate\Http\Request))
#24 D:\websites\IntranetAPI\vendor\laravel\framework\src\Illuminate\Pipeline\Pipeline.php(125): Illuminate\Cookie\Middleware\AddQueuedCookiesToResponse->handle(Object(Illuminate\Http\Request), Object(Closure))
#25 D:\websites\IntranetAPI\vendor\laravel\framework\src\Illuminate\Cookie\Middleware\EncryptCookies.php(40): Illuminate\Pipeline\Pipeline->Illuminate\Pipeline\{closure}(Object(Illuminate\Http\Request))
#26 D:\websites\IntranetAPI\vendor\laravel\framework\src\Illuminate\Pipeline\Pipeline.php(125): Illuminate\Cookie\Middleware\EncryptCookies->handle(Object(Illuminate\Http\Request), Object(Closure))
#27 D:\websites\IntranetAPI\vendor\laravel\framework\src\Illuminate\Foundation\Http\Middleware\CheckForMaintenanceMode.php(42): Illuminate\Pipeline\Pipeline->Illuminate\Pipeline\{closure}(Object(Illuminate\Http\Request))
#28 D:\websites\IntranetAPI\vendor\laravel\framework\src\Illuminate\Pipeline\Pipeline.php(125): Illuminate\Foundation\Http\Middleware\CheckForMaintenanceMode->handle(Object(Illuminate\Http\Request), Object(Closure))
#29 [internal function]: Illuminate\Pipeline\Pipeline->Illuminate\Pipeline\{closure}(Object(Illuminate\Http\Request))
#30 D:\websites\IntranetAPI\vendor\laravel\framework\src\Illuminate\Pipeline\Pipeline.php(101): call_user_func(Object(Closure), Object(Illuminate\Http\Request))
#31 D:\websites\IntranetAPI\vendor\laravel\framework\src\Illuminate\Foundation\Http\Kernel.php(115): Illuminate\Pipeline\Pipeline->then(Object(Closure))
#32 D:\websites\IntranetAPI\vendor\laravel\framework\src\Illuminate\Foundation\Http\Kernel.php(84): Illuminate\Foundation\Http\Kernel->sendRequestThroughRouter(Object(Illuminate\Http\Request))
#33 D:\websites\IntranetAPI\public\index.php(53): Illuminate\Foundation\Http\Kernel->handle(Object(Illuminate\Http\Request))
#34 {main}  
[2015-06-27 11:43:09] local.ERROR: exception 'ErrorException' with message 'include(D:\websites\IntranetAPI/app/User.php): failed to open stream: No such file or directory' in D:\websites\IntranetAPI\vendor\composer\ClassLoader.php:412
Stack trace:
#0 D:\websites\IntranetAPI\vendor\composer\ClassLoader.php(412): Illuminate\Foundation\Bootstrap\HandleExceptions->handleError(2, 'include(D:\\webs...', 'D:\\websites\\Int...', 412, Array)
#1 D:\websites\IntranetAPI\vendor\composer\ClassLoader.php(412): Composer\Autoload\includeFile()
#2 D:\websites\IntranetAPI\vendor\composer\ClassLoader.php(301): Composer\Autoload\includeFile('D:\\websites\\Int...')
#3 [internal function]: Composer\Autoload\ClassLoader->loadClass('App\\User')
#4 D:\websites\IntranetAPI\vendor\laravel\framework\src\Illuminate\Auth\EloquentUserProvider.php(125): spl_autoload_call('App\\User')
#5 D:\websites\IntranetAPI\vendor\laravel\framework\src\Illuminate\Auth\EloquentUserProvider.php(44): Illuminate\Auth\EloquentUserProvider->createModel()
#6 D:\websites\IntranetAPI\vendor\laravel\framework\src\Illuminate\Auth\Guard.php(148): Illuminate\Auth\EloquentUserProvider->retrieveById(1)
#7 D:\websites\IntranetAPI\vendor\laravel\framework\src\Illuminate\Auth\Guard.php(109): Illuminate\Auth\Guard->user()
#8 D:\websites\IntranetAPI\vendor\laravel\framework\src\Illuminate\Auth\Guard.php(288): Illuminate\Auth\Guard->check()
#9 D:\websites\IntranetAPI\vendor\laravel\framework\src\Illuminate\Auth\Middleware\AuthenticateWithBasicAuth.php(36): Illuminate\Auth\Guard->basic()
#10 D:\websites\IntranetAPI\vendor\laravel\framework\src\Illuminate\Pipeline\Pipeline.php(125): Illuminate\Auth\Middleware\AuthenticateWithBasicAuth->handle(Object(Illuminate\Http\Request), Object(Closure))
#11 [internal function]: Illuminate\Pipeline\Pipeline->Illuminate\Pipeline\{closure}(Object(Illuminate\Http\Request))
#12 D:\websites\IntranetAPI\vendor\laravel\framework\src\Illuminate\Pipeline\Pipeline.php(101): call_user_func(Object(Closure), Object(Illuminate\Http\Request))
#13 D:\websites\IntranetAPI\vendor\laravel\framework\src\Illuminate\Routing\Router.php(703): Illuminate\Pipeline\Pipeline->then(Object(Closure))
#14 D:\websites\IntranetAPI\vendor\laravel\framework\src\Illuminate\Routing\Router.php(670): Illuminate\Routing\Router->runRouteWithinStack(Object(Illuminate\Routing\Route), Object(Illuminate\Http\Request))
#15 D:\websites\IntranetAPI\vendor\laravel\framework\src\Illuminate\Routing\Router.php(628): Illuminate\Routing\Router->dispatchToRoute(Object(Illuminate\Http\Request))
#16 D:\websites\IntranetAPI\vendor\laravel\framework\src\Illuminate\Foundation\Http\Kernel.php(214): Illuminate\Routing\Router->dispatch(Object(Illuminate\Http\Request))
#17 [internal function]: Illuminate\Foundation\Http\Kernel->Illuminate\Foundation\Http\{closure}(Object(Illuminate\Http\Request))
#18 D:\websites\IntranetAPI\vendor\laravel\framework\src\Illuminate\Pipeline\Pipeline.php(141): call_user_func(Object(Closure), Object(Illuminate\Http\Request))
#19 D:\websites\IntranetAPI\vendor\laravel\framework\src\Illuminate\View\Middleware\ShareErrorsFromSession.php(55): Illuminate\Pipeline\Pipeline->Illuminate\Pipeline\{closure}(Object(Illuminate\Http\Request))
#20 D:\websites\IntranetAPI\vendor\laravel\framework\src\Illuminate\Pipeline\Pipeline.php(125): Illuminate\View\Middleware\ShareErrorsFromSession->handle(Object(Illuminate\Http\Request), Object(Closure))
#21 D:\websites\IntranetAPI\vendor\laravel\framework\src\Illuminate\Session\Middleware\StartSession.php(61): Illuminate\Pipeline\Pipeline->Illuminate\Pipeline\{closure}(Object(Illuminate\Http\Request))
#22 D:\websites\IntranetAPI\vendor\laravel\framework\src\Illuminate\Pipeline\Pipeline.php(125): Illuminate\Session\Middleware\StartSession->handle(Object(Illuminate\Http\Request), Object(Closure))
#23 D:\websites\IntranetAPI\vendor\laravel\framework\src\Illuminate\Cookie\Middleware\AddQueuedCookiesToResponse.php(36): Illuminate\Pipeline\Pipeline->Illuminate\Pipeline\{closure}(Object(Illuminate\Http\Request))
#24 D:\websites\IntranetAPI\vendor\laravel\framework\src\Illuminate\Pipeline\Pipeline.php(125): Illuminate\Cookie\Middleware\AddQueuedCookiesToResponse->handle(Object(Illuminate\Http\Request), Object(Closure))
#25 D:\websites\IntranetAPI\vendor\laravel\framework\src\Illuminate\Cookie\Middleware\EncryptCookies.php(40): Illuminate\Pipeline\Pipeline->Illuminate\Pipeline\{closure}(Object(Illuminate\Http\Request))
#26 D:\websites\IntranetAPI\vendor\laravel\framework\src\Illuminate\Pipeline\Pipeline.php(125): Illuminate\Cookie\Middleware\EncryptCookies->handle(Object(Illuminate\Http\Request), Object(Closure))
#27 D:\websites\IntranetAPI\vendor\laravel\framework\src\Illuminate\Foundation\Http\Middleware\CheckForMaintenanceMode.php(42): Illuminate\Pipeline\Pipeline->Illuminate\Pipeline\{closure}(Object(Illuminate\Http\Request))
#28 D:\websites\IntranetAPI\vendor\laravel\framework\src\Illuminate\Pipeline\Pipeline.php(125): Illuminate\Foundation\Http\Middleware\CheckForMaintenanceMode->handle(Object(Illuminate\Http\Request), Object(Closure))
#29 [internal function]: Illuminate\Pipeline\Pipeline->Illuminate\Pipeline\{closure}(Object(Illuminate\Http\Request))
#30 D:\websites\IntranetAPI\vendor\laravel\framework\src\Illuminate\Pipeline\Pipeline.php(101): call_user_func(Object(Closure), Object(Illuminate\Http\Request))
#31 D:\websites\IntranetAPI\vendor\laravel\framework\src\Illuminate\Foundation\Http\Kernel.php(115): Illuminate\Pipeline\Pipeline->then(Object(Closure))
#32 D:\websites\IntranetAPI\vendor\laravel\framework\src\Illuminate\Foundation\Http\Kernel.php(84): Illuminate\Foundation\Http\Kernel->sendRequestThroughRouter(Object(Illuminate\Http\Request))
#33 D:\websites\IntranetAPI\public\index.php(53): Illuminate\Foundation\Http\Kernel->handle(Object(Illuminate\Http\Request))
#34 {main}  
[2015-06-27 11:44:15] local.ERROR: exception 'Symfony\Component\Debug\Exception\FatalErrorException' with message 'Class '\App\User' not found' in D:\websites\IntranetAPI\vendor\laravel\framework\src\Illuminate\Auth\EloquentUserProvider.php:125
Stack trace:
#0 D:\websites\IntranetAPI\vendor\laravel\framework\src\Illuminate\Foundation\Bootstrap\HandleExceptions.php(131): Symfony\Component\Debug\Exception\FatalErrorException->__construct()
#1 D:\websites\IntranetAPI\vendor\laravel\framework\src\Illuminate\Foundation\Bootstrap\HandleExceptions.php(116): Illuminate\Foundation\Bootstrap\HandleExceptions->fatalExceptionFromError()
#2 D:\websites\IntranetAPI\vendor\laravel\framework\src\Illuminate\Foundation\Bootstrap\HandleExceptions.php(0): Illuminate\Foundation\Bootstrap\HandleExceptions->handleShutdown()
#3 D:\websites\IntranetAPI\vendor\laravel\framework\src\Illuminate\Auth\EloquentUserProvider.php(44): Illuminate\Auth\EloquentUserProvider->createModel()
#4 D:\websites\IntranetAPI\vendor\laravel\framework\src\Illuminate\Auth\Guard.php(148): Illuminate\Auth\EloquentUserProvider->retrieveById()
#5 D:\websites\IntranetAPI\vendor\laravel\framework\src\Illuminate\Auth\Guard.php(109): Illuminate\Auth\Guard->user()
#6 D:\websites\IntranetAPI\vendor\laravel\framework\src\Illuminate\Auth\Guard.php(288): Illuminate\Auth\Guard->check()
#7 D:\websites\IntranetAPI\vendor\laravel\framework\src\Illuminate\Auth\Middleware\AuthenticateWithBasicAuth.php(36): Illuminate\Auth\Guard->basic()
#8 D:\websites\IntranetAPI\vendor\laravel\framework\src\Illuminate\Pipeline\Pipeline.php(125): Illuminate\Auth\Middleware\AuthenticateWithBasicAuth->handle()
#9 D:\websites\IntranetAPI\vendor\laravel\framework\src\Illuminate\Pipeline\Pipeline.php(101): Illuminate\Pipeline\Pipeline->Illuminate\Pipeline\{closure}()
#10 D:\websites\IntranetAPI\vendor\laravel\framework\src\Illuminate\Pipeline\Pipeline.php(101): call_user_func:{D:\websites\IntranetAPI\vendor\laravel\framework\src\Illuminate\Pipeline\Pipeline.php:101}()
#11 D:\websites\IntranetAPI\vendor\laravel\framework\src\Illuminate\Routing\Router.php(703): Illuminate\Pipeline\Pipeline->then()
#12 D:\websites\IntranetAPI\vendor\laravel\framework\src\Illuminate\Routing\Router.php(670): Illuminate\Routing\Router->runRouteWithinStack()
#13 D:\websites\IntranetAPI\vendor\laravel\framework\src\Illuminate\Routing\Router.php(628): Illuminate\Routing\Router->dispatchToRoute()
#14 D:\websites\IntranetAPI\vendor\laravel\framework\src\Illuminate\Foundation\Http\Kernel.php(214): Illuminate\Routing\Router->dispatch()
#15 D:\websites\IntranetAPI\vendor\laravel\framework\src\Illuminate\Pipeline\Pipeline.php(141): Illuminate\Foundation\Http\Kernel->Illuminate\Foundation\Http\{closure}()
#16 D:\websites\IntranetAPI\vendor\laravel\framework\src\Illuminate\Pipeline\Pipeline.php(141): call_user_func:{D:\websites\IntranetAPI\vendor\laravel\framework\src\Illuminate\Pipeline\Pipeline.php:141}()
#17 D:\websites\IntranetAPI\vendor\laravel\framework\src\Illuminate\View\Middleware\ShareErrorsFromSession.php(55): Illuminate\Pipeline\Pipeline->Illuminate\Pipeline\{closure}()
#18 D:\websites\IntranetAPI\vendor\laravel\framework\src\Illuminate\Pipeline\Pipeline.php(125): Illuminate\View\Middleware\ShareErrorsFromSession->handle()
#19 D:\websites\IntranetAPI\vendor\laravel\framework\src\Illuminate\Session\Middleware\StartSession.php(61): Illuminate\Pipeline\Pipeline->Illuminate\Pipeline\{closure}()
#20 D:\websites\IntranetAPI\vendor\laravel\framework\src\Illuminate\Pipeline\Pipeline.php(125): Illuminate\Session\Middleware\StartSession->handle()
#21 D:\websites\IntranetAPI\vendor\laravel\framework\src\Illuminate\Cookie\Middleware\AddQueuedCookiesToResponse.php(36): Illuminate\Pipeline\Pipeline->Illuminate\Pipeline\{closure}()
#22 D:\websites\IntranetAPI\vendor\laravel\framework\src\Illuminate\Pipeline\Pipeline.php(125): Illuminate\Cookie\Middleware\AddQueuedCookiesToResponse->handle()
#23 D:\websites\IntranetAPI\vendor\laravel\framework\src\Illuminate\Cookie\Middleware\EncryptCookies.php(40): Illuminate\Pipeline\Pipeline->Illuminate\Pipeline\{closure}()
#24 D:\websites\IntranetAPI\vendor\laravel\framework\src\Illuminate\Pipeline\Pipeline.php(125): Illuminate\Cookie\Middleware\EncryptCookies->handle()
#25 D:\websites\IntranetAPI\vendor\laravel\framework\src\Illuminate\Foundation\Http\Middleware\CheckForMaintenanceMode.php(42): Illuminate\Pipeline\Pipeline->Illuminate\Pipeline\{closure}()
#26 D:\websites\IntranetAPI\vendor\laravel\framework\src\Illuminate\Pipeline\Pipeline.php(125): Illuminate\Foundation\Http\Middleware\CheckForMaintenanceMode->handle()
#27 D:\websites\IntranetAPI\vendor\laravel\framework\src\Illuminate\Pipeline\Pipeline.php(101): Illuminate\Pipeline\Pipeline->Illuminate\Pipeline\{closure}()
#28 D:\websites\IntranetAPI\vendor\laravel\framework\src\Illuminate\Pipeline\Pipeline.php(101): call_user_func:{D:\websites\IntranetAPI\vendor\laravel\framework\src\Illuminate\Pipeline\Pipeline.php:101}()
#29 D:\websites\IntranetAPI\vendor\laravel\framework\src\Illuminate\Foundation\Http\Kernel.php(115): Illuminate\Pipeline\Pipeline->then()
#30 D:\websites\IntranetAPI\vendor\laravel\framework\src\Illuminate\Foundation\Http\Kernel.php(84): Illuminate\Foundation\Http\Kernel->sendRequestThroughRouter()
#31 D:\websites\IntranetAPI\public\index.php(53): Illuminate\Foundation\Http\Kernel->handle()
#32 D:\websites\IntranetAPI\public\index.php(0): {main}()
#33 {main}  
[2015-06-27 11:50:46] local.ERROR: exception 'Symfony\Component\Debug\Exception\FatalErrorException' with message 'Class 'App\Http\Controllers\Admin\ApiGuardController' not found' in D:\websites\IntranetAPI\app\Http\Controllers\Admin\UserController.php:13
Stack trace:
#0 D:\websites\IntranetAPI\vendor\laravel\framework\src\Illuminate\Foundation\Bootstrap\HandleExceptions.php(131): Symfony\Component\Debug\Exception\FatalErrorException->__construct()
#1 D:\websites\IntranetAPI\vendor\laravel\framework\src\Illuminate\Foundation\Bootstrap\HandleExceptions.php(116): Illuminate\Foundation\Bootstrap\HandleExceptions->fatalExceptionFromError()
#2 D:\websites\IntranetAPI\vendor\laravel\framework\src\Illuminate\Foundation\Bootstrap\HandleExceptions.php(0): Illuminate\Foundation\Bootstrap\HandleExceptions->handleShutdown()
#3 D:\websites\IntranetAPI\vendor\composer\ClassLoader.php(412): ()
#4 D:\websites\IntranetAPI\vendor\composer\ClassLoader.php(301): Composer\Autoload\includeFile()
#5 D:\websites\IntranetAPI\vendor\laravel\framework\src\Illuminate\Container\Container.php(0): Composer\Autoload\ClassLoader->loadClass()
#6 D:\websites\IntranetAPI\vendor\laravel\framework\src\Illuminate\Container\Container.php(779): spl_autoload_call()
#7 D:\websites\IntranetAPI\vendor\laravel\framework\src\Illuminate\Container\Container.php(779): ReflectionClass->__construct()
#8 D:\websites\IntranetAPI\vendor\laravel\framework\src\Illuminate\Container\Container.php(659): Illuminate\Container\Container->build()
#9 D:\websites\IntranetAPI\vendor\laravel\framework\src\Illuminate\Foundation\Application.php(644): Illuminate\Container\Container->make()
#10 D:\websites\IntranetAPI\vendor\laravel\framework\src\Illuminate\Routing\ControllerDispatcher.php(83): Illuminate\Foundation\Application->make()
#11 D:\websites\IntranetAPI\vendor\laravel\framework\src\Illuminate\Routing\ControllerDispatcher.php(54): Illuminate\Routing\ControllerDispatcher->makeController()
#12 D:\websites\IntranetAPI\vendor\laravel\framework\src\Illuminate\Routing\Route.php(204): Illuminate\Routing\ControllerDispatcher->dispatch()
#13 D:\websites\IntranetAPI\vendor\laravel\framework\src\Illuminate\Routing\Route.php(134): Illuminate\Routing\Route->runWithCustomDispatcher()
#14 D:\websites\IntranetAPI\vendor\laravel\framework\src\Illuminate\Routing\Router.php(701): Illuminate\Routing\Route->run()
#15 D:\websites\IntranetAPI\vendor\laravel\framework\src\Illuminate\Pipeline\Pipeline.php(141): Illuminate\Routing\Router->Illuminate\Routing\{closure}()
#16 D:\websites\IntranetAPI\vendor\laravel\framework\src\Illuminate\Pipeline\Pipeline.php(141): call_user_func:{D:\websites\IntranetAPI\vendor\laravel\framework\src\Illuminate\Pipeline\Pipeline.php:141}()
#17 D:\websites\IntranetAPI\vendor\laravel\framework\src\Illuminate\Pipeline\Pipeline.php(101): Illuminate\Pipeline\Pipeline->Illuminate\Pipeline\{closure}()
#18 D:\websites\IntranetAPI\vendor\laravel\framework\src\Illuminate\Pipeline\Pipeline.php(101): call_user_func:{D:\websites\IntranetAPI\vendor\laravel\framework\src\Illuminate\Pipeline\Pipeline.php:101}()
#19 D:\websites\IntranetAPI\vendor\laravel\framework\src\Illuminate\Routing\Router.php(703): Illuminate\Pipeline\Pipeline->then()
#20 D:\websites\IntranetAPI\vendor\laravel\framework\src\Illuminate\Routing\Router.php(670): Illuminate\Routing\Router->runRouteWithinStack()
#21 D:\websites\IntranetAPI\vendor\laravel\framework\src\Illuminate\Routing\Router.php(628): Illuminate\Routing\Router->dispatchToRoute()
#22 D:\websites\IntranetAPI\vendor\laravel\framework\src\Illuminate\Foundation\Http\Kernel.php(214): Illuminate\Routing\Router->dispatch()
#23 D:\websites\IntranetAPI\vendor\laravel\framework\src\Illuminate\Pipeline\Pipeline.php(141): Illuminate\Foundation\Http\Kernel->Illuminate\Foundation\Http\{closure}()
#24 D:\websites\IntranetAPI\vendor\laravel\framework\src\Illuminate\Pipeline\Pipeline.php(141): call_user_func:{D:\websites\IntranetAPI\vendor\laravel\framework\src\Illuminate\Pipeline\Pipeline.php:141}()
#25 D:\websites\IntranetAPI\vendor\laravel\framework\src\Illuminate\View\Middleware\ShareErrorsFromSession.php(55): Illuminate\Pipeline\Pipeline->Illuminate\Pipeline\{closure}()
#26 D:\websites\IntranetAPI\vendor\laravel\framework\src\Illuminate\Pipeline\Pipeline.php(125): Illuminate\View\Middleware\ShareErrorsFromSession->handle()
#27 D:\websites\IntranetAPI\vendor\laravel\framework\src\Illuminate\Session\Middleware\StartSession.php(61): Illuminate\Pipeline\Pipeline->Illuminate\Pipeline\{closure}()
#28 D:\websites\IntranetAPI\vendor\laravel\framework\src\Illuminate\Pipeline\Pipeline.php(125): Illuminate\Session\Middleware\StartSession->handle()
#29 D:\websites\IntranetAPI\vendor\laravel\framework\src\Illuminate\Cookie\Middleware\AddQueuedCookiesToResponse.php(36): Illuminate\Pipeline\Pipeline->Illuminate\Pipeline\{closure}()
#30 D:\websites\IntranetAPI\vendor\laravel\framework\src\Illuminate\Pipeline\Pipeline.php(125): Illuminate\Cookie\Middleware\AddQueuedCookiesToResponse->handle()
#31 D:\websites\IntranetAPI\vendor\laravel\framework\src\Illuminate\Cookie\Middleware\EncryptCookies.php(40): Illuminate\Pipeline\Pipeline->Illuminate\Pipeline\{closure}()
#32 D:\websites\IntranetAPI\vendor\laravel\framework\src\Illuminate\Pipeline\Pipeline.php(125): Illuminate\Cookie\Middleware\EncryptCookies->handle()
#33 D:\websites\IntranetAPI\vendor\laravel\framework\src\Illuminate\Foundation\Http\Middleware\CheckForMaintenanceMode.php(42): Illuminate\Pipeline\Pipeline->Illuminate\Pipeline\{closure}()
#34 D:\websites\IntranetAPI\vendor\laravel\framework\src\Illuminate\Pipeline\Pipeline.php(125): Illuminate\Foundation\Http\Middleware\CheckForMaintenanceMode->handle()
#35 D:\websites\IntranetAPI\vendor\laravel\framework\src\Illuminate\Pipeline\Pipeline.php(101): Illuminate\Pipeline\Pipeline->Illuminate\Pipeline\{closure}()
#36 D:\websites\IntranetAPI\vendor\laravel\framework\src\Illuminate\Pipeline\Pipeline.php(101): call_user_func:{D:\websites\IntranetAPI\vendor\laravel\framework\src\Illuminate\Pipeline\Pipeline.php:101}()
#37 D:\websites\IntranetAPI\vendor\laravel\framework\src\Illuminate\Foundation\Http\Kernel.php(115): Illuminate\Pipeline\Pipeline->then()
#38 D:\websites\IntranetAPI\vendor\laravel\framework\src\Illuminate\Foundation\Http\Kernel.php(84): Illuminate\Foundation\Http\Kernel->sendRequestThroughRouter()
#39 D:\websites\IntranetAPI\public\index.php(53): Illuminate\Foundation\Http\Kernel->handle()
#40 D:\websites\IntranetAPI\public\index.php(0): {main}()
#41 {main}  
[2015-06-27 11:51:56] local.ERROR: exception 'ReflectionException' with message 'Class App\Http\Controllers\Admin\UserRequest does not exist' in D:\websites\IntranetAPI\vendor\laravel\framework\src\Illuminate\Routing\RouteDependencyResolverTrait.php:53
Stack trace:
#0 D:\websites\IntranetAPI\vendor\laravel\framework\src\Illuminate\Routing\RouteDependencyResolverTrait.php(53): ReflectionParameter->getClass()
#1 D:\websites\IntranetAPI\vendor\laravel\framework\src\Illuminate\Routing\RouteDependencyResolverTrait.php(36): Illuminate\Routing\ControllerDispatcher->resolveMethodDependencies(Array, Object(ReflectionMethod))
#2 D:\websites\IntranetAPI\vendor\laravel\framework\src\Illuminate\Routing\ControllerDispatcher.php(160): Illuminate\Routing\ControllerDispatcher->resolveClassMethodDependencies(Array, Object(App\Http\Controllers\Admin\UserController), 'save')
#3 D:\websites\IntranetAPI\vendor\laravel\framework\src\Illuminate\Routing\ControllerDispatcher.php(107): Illuminate\Routing\ControllerDispatcher->call(Object(App\Http\Controllers\Admin\UserController), Object(Illuminate\Routing\Route), 'save')
#4 [internal function]: Illuminate\Routing\ControllerDispatcher->Illuminate\Routing\{closure}(Object(Illuminate\Http\Request))
#5 D:\websites\IntranetAPI\vendor\laravel\framework\src\Illuminate\Pipeline\Pipeline.php(141): call_user_func(Object(Closure), Object(Illuminate\Http\Request))
#6 [internal function]: Illuminate\Pipeline\Pipeline->Illuminate\Pipeline\{closure}(Object(Illuminate\Http\Request))
#7 D:\websites\IntranetAPI\vendor\laravel\framework\src\Illuminate\Pipeline\Pipeline.php(101): call_user_func(Object(Closure), Object(Illuminate\Http\Request))
#8 D:\websites\IntranetAPI\vendor\laravel\framework\src\Illuminate\Routing\ControllerDispatcher.php(108): Illuminate\Pipeline\Pipeline->then(Object(Closure))
#9 D:\websites\IntranetAPI\vendor\laravel\framework\src\Illuminate\Routing\ControllerDispatcher.php(67): Illuminate\Routing\ControllerDispatcher->callWithinStack(Object(App\Http\Controllers\Admin\UserController), Object(Illuminate\Routing\Route), Object(Illuminate\Http\Request), 'save')
#10 D:\websites\IntranetAPI\vendor\laravel\framework\src\Illuminate\Routing\Route.php(204): Illuminate\Routing\ControllerDispatcher->dispatch(Object(Illuminate\Routing\Route), Object(Illuminate\Http\Request), 'App\\Http\\Contro...', 'save')
#11 D:\websites\IntranetAPI\vendor\laravel\framework\src\Illuminate\Routing\Route.php(134): Illuminate\Routing\Route->runWithCustomDispatcher(Object(Illuminate\Http\Request))
#12 D:\websites\IntranetAPI\vendor\laravel\framework\src\Illuminate\Routing\Router.php(701): Illuminate\Routing\Route->run(Object(Illuminate\Http\Request))
#13 [internal function]: Illuminate\Routing\Router->Illuminate\Routing\{closure}(Object(Illuminate\Http\Request))
#14 D:\websites\IntranetAPI\vendor\laravel\framework\src\Illuminate\Pipeline\Pipeline.php(141): call_user_func(Object(Closure), Object(Illuminate\Http\Request))
#15 [internal function]: Illuminate\Pipeline\Pipeline->Illuminate\Pipeline\{closure}(Object(Illuminate\Http\Request))
#16 D:\websites\IntranetAPI\vendor\laravel\framework\src\Illuminate\Pipeline\Pipeline.php(101): call_user_func(Object(Closure), Object(Illuminate\Http\Request))
#17 D:\websites\IntranetAPI\vendor\laravel\framework\src\Illuminate\Routing\Router.php(703): Illuminate\Pipeline\Pipeline->then(Object(Closure))
#18 D:\websites\IntranetAPI\vendor\laravel\framework\src\Illuminate\Routing\Router.php(670): Illuminate\Routing\Router->runRouteWithinStack(Object(Illuminate\Routing\Route), Object(Illuminate\Http\Request))
#19 D:\websites\IntranetAPI\vendor\laravel\framework\src\Illuminate\Routing\Router.php(628): Illuminate\Routing\Router->dispatchToRoute(Object(Illuminate\Http\Request))
#20 D:\websites\IntranetAPI\vendor\laravel\framework\src\Illuminate\Foundation\Http\Kernel.php(214): Illuminate\Routing\Router->dispatch(Object(Illuminate\Http\Request))
#21 [internal function]: Illuminate\Foundation\Http\Kernel->Illuminate\Foundation\Http\{closure}(Object(Illuminate\Http\Request))
#22 D:\websites\IntranetAPI\vendor\laravel\framework\src\Illuminate\Pipeline\Pipeline.php(141): call_user_func(Object(Closure), Object(Illuminate\Http\Request))
#23 D:\websites\IntranetAPI\vendor\laravel\framework\src\Illuminate\View\Middleware\ShareErrorsFromSession.php(55): Illuminate\Pipeline\Pipeline->Illuminate\Pipeline\{closure}(Object(Illuminate\Http\Request))
#24 D:\websites\IntranetAPI\vendor\laravel\framework\src\Illuminate\Pipeline\Pipeline.php(125): Illuminate\View\Middleware\ShareErrorsFromSession->handle(Object(Illuminate\Http\Request), Object(Closure))
#25 D:\websites\IntranetAPI\vendor\laravel\framework\src\Illuminate\Session\Middleware\StartSession.php(61): Illuminate\Pipeline\Pipeline->Illuminate\Pipeline\{closure}(Object(Illuminate\Http\Request))
#26 D:\websites\IntranetAPI\vendor\laravel\framework\src\Illuminate\Pipeline\Pipeline.php(125): Illuminate\Session\Middleware\StartSession->handle(Object(Illuminate\Http\Request), Object(Closure))
#27 D:\websites\IntranetAPI\vendor\laravel\framework\src\Illuminate\Cookie\Middleware\AddQueuedCookiesToResponse.php(36): Illuminate\Pipeline\Pipeline->Illuminate\Pipeline\{closure}(Object(Illuminate\Http\Request))
#28 D:\websites\IntranetAPI\vendor\laravel\framework\src\Illuminate\Pipeline\Pipeline.php(125): Illuminate\Cookie\Middleware\AddQueuedCookiesToResponse->handle(Object(Illuminate\Http\Request), Object(Closure))
#29 D:\websites\IntranetAPI\vendor\laravel\framework\src\Illuminate\Cookie\Middleware\EncryptCookies.php(40): Illuminate\Pipeline\Pipeline->Illuminate\Pipeline\{closure}(Object(Illuminate\Http\Request))
#30 D:\websites\IntranetAPI\vendor\laravel\framework\src\Illuminate\Pipeline\Pipeline.php(125): Illuminate\Cookie\Middleware\EncryptCookies->handle(Object(Illuminate\Http\Request), Object(Closure))
#31 D:\websites\IntranetAPI\vendor\laravel\framework\src\Illuminate\Foundation\Http\Middleware\CheckForMaintenanceMode.php(42): Illuminate\Pipeline\Pipeline->Illuminate\Pipeline\{closure}(Object(Illuminate\Http\Request))
#32 D:\websites\IntranetAPI\vendor\laravel\framework\src\Illuminate\Pipeline\Pipeline.php(125): Illuminate\Foundation\Http\Middleware\CheckForMaintenanceMode->handle(Object(Illuminate\Http\Request), Object(Closure))
#33 [internal function]: Illuminate\Pipeline\Pipeline->Illuminate\Pipeline\{closure}(Object(Illuminate\Http\Request))
#34 D:\websites\IntranetAPI\vendor\laravel\framework\src\Illuminate\Pipeline\Pipeline.php(101): call_user_func(Object(Closure), Object(Illuminate\Http\Request))
#35 D:\websites\IntranetAPI\vendor\laravel\framework\src\Illuminate\Foundation\Http\Kernel.php(115): Illuminate\Pipeline\Pipeline->then(Object(Closure))
#36 D:\websites\IntranetAPI\vendor\laravel\framework\src\Illuminate\Foundation\Http\Kernel.php(84): Illuminate\Foundation\Http\Kernel->sendRequestThroughRouter(Object(Illuminate\Http\Request))
#37 D:\websites\IntranetAPI\public\index.php(53): Illuminate\Foundation\Http\Kernel->handle(Object(Illuminate\Http\Request))
#38 {main}  
[2015-06-27 11:53:32] local.ERROR: exception 'ErrorException' with message 'Missing argument 1 for App\Http\Controllers\Admin\UserController::save()' in D:\websites\IntranetAPI\app\Http\Controllers\Admin\UserController.php:53
Stack trace:
#0 D:\websites\IntranetAPI\app\Http\Controllers\Admin\UserController.php(53): Illuminate\Foundation\Bootstrap\HandleExceptions->handleError(2, 'Missing argumen...', 'D:\\websites\\Int...', 53, Array)
#1 [internal function]: App\Http\Controllers\Admin\UserController->save()
#2 D:\websites\IntranetAPI\vendor\laravel\framework\src\Illuminate\Routing\Controller.php(246): call_user_func_array(Array, Array)
#3 D:\websites\IntranetAPI\vendor\laravel\framework\src\Illuminate\Routing\ControllerDispatcher.php(162): Illuminate\Routing\Controller->callAction('save', Array)
#4 D:\websites\IntranetAPI\vendor\laravel\framework\src\Illuminate\Routing\ControllerDispatcher.php(107): Illuminate\Routing\ControllerDispatcher->call(Object(App\Http\Controllers\Admin\UserController), Object(Illuminate\Routing\Route), 'save')
#5 [internal function]: Illuminate\Routing\ControllerDispatcher->Illuminate\Routing\{closure}(Object(Illuminate\Http\Request))
#6 D:\websites\IntranetAPI\vendor\laravel\framework\src\Illuminate\Pipeline\Pipeline.php(141): call_user_func(Object(Closure), Object(Illuminate\Http\Request))
#7 [internal function]: Illuminate\Pipeline\Pipeline->Illuminate\Pipeline\{closure}(Object(Illuminate\Http\Request))
#8 D:\websites\IntranetAPI\vendor\laravel\framework\src\Illuminate\Pipeline\Pipeline.php(101): call_user_func(Object(Closure), Object(Illuminate\Http\Request))
#9 D:\websites\IntranetAPI\vendor\laravel\framework\src\Illuminate\Routing\ControllerDispatcher.php(108): Illuminate\Pipeline\Pipeline->then(Object(Closure))
#10 D:\websites\IntranetAPI\vendor\laravel\framework\src\Illuminate\Routing\ControllerDispatcher.php(67): Illuminate\Routing\ControllerDispatcher->callWithinStack(Object(App\Http\Controllers\Admin\UserController), Object(Illuminate\Routing\Route), Object(Illuminate\Http\Request), 'save')
#11 D:\websites\IntranetAPI\vendor\laravel\framework\src\Illuminate\Routing\Route.php(204): Illuminate\Routing\ControllerDispatcher->dispatch(Object(Illuminate\Routing\Route), Object(Illuminate\Http\Request), 'App\\Http\\Contro...', 'save')
#12 D:\websites\IntranetAPI\vendor\laravel\framework\src\Illuminate\Routing\Route.php(134): Illuminate\Routing\Route->runWithCustomDispatcher(Object(Illuminate\Http\Request))
#13 D:\websites\IntranetAPI\vendor\laravel\framework\src\Illuminate\Routing\Router.php(701): Illuminate\Routing\Route->run(Object(Illuminate\Http\Request))
#14 [internal function]: Illuminate\Routing\Router->Illuminate\Routing\{closure}(Object(Illuminate\Http\Request))
#15 D:\websites\IntranetAPI\vendor\laravel\framework\src\Illuminate\Pipeline\Pipeline.php(141): call_user_func(Object(Closure), Object(Illuminate\Http\Request))
#16 [internal function]: Illuminate\Pipeline\Pipeline->Illuminate\Pipeline\{closure}(Object(Illuminate\Http\Request))
#17 D:\websites\IntranetAPI\vendor\laravel\framework\src\Illuminate\Pipeline\Pipeline.php(101): call_user_func(Object(Closure), Object(Illuminate\Http\Request))
#18 D:\websites\IntranetAPI\vendor\laravel\framework\src\Illuminate\Routing\Router.php(703): Illuminate\Pipeline\Pipeline->then(Object(Closure))
#19 D:\websites\IntranetAPI\vendor\laravel\framework\src\Illuminate\Routing\Router.php(670): Illuminate\Routing\Router->runRouteWithinStack(Object(Illuminate\Routing\Route), Object(Illuminate\Http\Request))
#20 D:\websites\IntranetAPI\vendor\laravel\framework\src\Illuminate\Routing\Router.php(628): Illuminate\Routing\Router->dispatchToRoute(Object(Illuminate\Http\Request))
#21 D:\websites\IntranetAPI\vendor\laravel\framework\src\Illuminate\Foundation\Http\Kernel.php(214): Illuminate\Routing\Router->dispatch(Object(Illuminate\Http\Request))
#22 [internal function]: Illuminate\Foundation\Http\Kernel->Illuminate\Foundation\Http\{closure}(Object(Illuminate\Http\Request))
#23 D:\websites\IntranetAPI\vendor\laravel\framework\src\Illuminate\Pipeline\Pipeline.php(141): call_user_func(Object(Closure), Object(Illuminate\Http\Request))
#24 D:\websites\IntranetAPI\vendor\laravel\framework\src\Illuminate\View\Middleware\ShareErrorsFromSession.php(55): Illuminate\Pipeline\Pipeline->Illuminate\Pipeline\{closure}(Object(Illuminate\Http\Request))
#25 D:\websites\IntranetAPI\vendor\laravel\framework\src\Illuminate\Pipeline\Pipeline.php(125): Illuminate\View\Middleware\ShareErrorsFromSession->handle(Object(Illuminate\Http\Request), Object(Closure))
#26 D:\websites\IntranetAPI\vendor\laravel\framework\src\Illuminate\Session\Middleware\StartSession.php(61): Illuminate\Pipeline\Pipeline->Illuminate\Pipeline\{closure}(Object(Illuminate\Http\Request))
#27 D:\websites\IntranetAPI\vendor\laravel\framework\src\Illuminate\Pipeline\Pipeline.php(125): Illuminate\Session\Middleware\StartSession->handle(Object(Illuminate\Http\Request), Object(Closure))
#28 D:\websites\IntranetAPI\vendor\laravel\framework\src\Illuminate\Cookie\Middleware\AddQueuedCookiesToResponse.php(36): Illuminate\Pipeline\Pipeline->Illuminate\Pipeline\{closure}(Object(Illuminate\Http\Request))
#29 D:\websites\IntranetAPI\vendor\laravel\framework\src\Illuminate\Pipeline\Pipeline.php(125): Illuminate\Cookie\Middleware\AddQueuedCookiesToResponse->handle(Object(Illuminate\Http\Request), Object(Closure))
#30 D:\websites\IntranetAPI\vendor\laravel\framework\src\Illuminate\Cookie\Middleware\EncryptCookies.php(40): Illuminate\Pipeline\Pipeline->Illuminate\Pipeline\{closure}(Object(Illuminate\Http\Request))
#31 D:\websites\IntranetAPI\vendor\laravel\framework\src\Illuminate\Pipeline\Pipeline.php(125): Illuminate\Cookie\Middleware\EncryptCookies->handle(Object(Illuminate\Http\Request), Object(Closure))
#32 D:\websites\IntranetAPI\vendor\laravel\framework\src\Illuminate\Foundation\Http\Middleware\CheckForMaintenanceMode.php(42): Illuminate\Pipeline\Pipeline->Illuminate\Pipeline\{closure}(Object(Illuminate\Http\Request))
#33 D:\websites\IntranetAPI\vendor\laravel\framework\src\Illuminate\Pipeline\Pipeline.php(125): Illuminate\Foundation\Http\Middleware\CheckForMaintenanceMode->handle(Object(Illuminate\Http\Request), Object(Closure))
#34 [internal function]: Illuminate\Pipeline\Pipeline->Illuminate\Pipeline\{closure}(Object(Illuminate\Http\Request))
#35 D:\websites\IntranetAPI\vendor\laravel\framework\src\Illuminate\Pipeline\Pipeline.php(101): call_user_func(Object(Closure), Object(Illuminate\Http\Request))
#36 D:\websites\IntranetAPI\vendor\laravel\framework\src\Illuminate\Foundation\Http\Kernel.php(115): Illuminate\Pipeline\Pipeline->then(Object(Closure))
#37 D:\websites\IntranetAPI\vendor\laravel\framework\src\Illuminate\Foundation\Http\Kernel.php(84): Illuminate\Foundation\Http\Kernel->sendRequestThroughRouter(Object(Illuminate\Http\Request))
#38 D:\websites\IntranetAPI\public\index.php(53): Illuminate\Foundation\Http\Kernel->handle(Object(Illuminate\Http\Request))
#39 {main}  
[2015-06-27 11:53:54] local.ERROR: exception 'ErrorException' with message 'Missing argument 1 for App\Http\Controllers\Admin\UserController::save()' in D:\websites\IntranetAPI\app\Http\Controllers\Admin\UserController.php:53
Stack trace:
#0 D:\websites\IntranetAPI\app\Http\Controllers\Admin\UserController.php(53): Illuminate\Foundation\Bootstrap\HandleExceptions->handleError(2, 'Missing argumen...', 'D:\\websites\\Int...', 53, Array)
#1 [internal function]: App\Http\Controllers\Admin\UserController->save()
#2 D:\websites\IntranetAPI\vendor\laravel\framework\src\Illuminate\Routing\Controller.php(246): call_user_func_array(Array, Array)
#3 D:\websites\IntranetAPI\vendor\laravel\framework\src\Illuminate\Routing\ControllerDispatcher.php(162): Illuminate\Routing\Controller->callAction('save', Array)
#4 D:\websites\IntranetAPI\vendor\laravel\framework\src\Illuminate\Routing\ControllerDispatcher.php(107): Illuminate\Routing\ControllerDispatcher->call(Object(App\Http\Controllers\Admin\UserController), Object(Illuminate\Routing\Route), 'save')
#5 [internal function]: Illuminate\Routing\ControllerDispatcher->Illuminate\Routing\{closure}(Object(Illuminate\Http\Request))
#6 D:\websites\IntranetAPI\vendor\laravel\framework\src\Illuminate\Pipeline\Pipeline.php(141): call_user_func(Object(Closure), Object(Illuminate\Http\Request))
#7 [internal function]: Illuminate\Pipeline\Pipeline->Illuminate\Pipeline\{closure}(Object(Illuminate\Http\Request))
#8 D:\websites\IntranetAPI\vendor\laravel\framework\src\Illuminate\Pipeline\Pipeline.php(101): call_user_func(Object(Closure), Object(Illuminate\Http\Request))
#9 D:\websites\IntranetAPI\vendor\laravel\framework\src\Illuminate\Routing\ControllerDispatcher.php(108): Illuminate\Pipeline\Pipeline->then(Object(Closure))
#10 D:\websites\IntranetAPI\vendor\laravel\framework\src\Illuminate\Routing\ControllerDispatcher.php(67): Illuminate\Routing\ControllerDispatcher->callWithinStack(Object(App\Http\Controllers\Admin\UserController), Object(Illuminate\Routing\Route), Object(Illuminate\Http\Request), 'save')
#11 D:\websites\IntranetAPI\vendor\laravel\framework\src\Illuminate\Routing\Route.php(204): Illuminate\Routing\ControllerDispatcher->dispatch(Object(Illuminate\Routing\Route), Object(Illuminate\Http\Request), 'App\\Http\\Contro...', 'save')
#12 D:\websites\IntranetAPI\vendor\laravel\framework\src\Illuminate\Routing\Route.php(134): Illuminate\Routing\Route->runWithCustomDispatcher(Object(Illuminate\Http\Request))
#13 D:\websites\IntranetAPI\vendor\laravel\framework\src\Illuminate\Routing\Router.php(701): Illuminate\Routing\Route->run(Object(Illuminate\Http\Request))
#14 [internal function]: Illuminate\Routing\Router->Illuminate\Routing\{closure}(Object(Illuminate\Http\Request))
#15 D:\websites\IntranetAPI\vendor\laravel\framework\src\Illuminate\Pipeline\Pipeline.php(141): call_user_func(Object(Closure), Object(Illuminate\Http\Request))
#16 [internal function]: Illuminate\Pipeline\Pipeline->Illuminate\Pipeline\{closure}(Object(Illuminate\Http\Request))
#17 D:\websites\IntranetAPI\vendor\laravel\framework\src\Illuminate\Pipeline\Pipeline.php(101): call_user_func(Object(Closure), Object(Illuminate\Http\Request))
#18 D:\websites\IntranetAPI\vendor\laravel\framework\src\Illuminate\Routing\Router.php(703): Illuminate\Pipeline\Pipeline->then(Object(Closure))
#19 D:\websites\IntranetAPI\vendor\laravel\framework\src\Illuminate\Routing\Router.php(670): Illuminate\Routing\Router->runRouteWithinStack(Object(Illuminate\Routing\Route), Object(Illuminate\Http\Request))
#20 D:\websites\IntranetAPI\vendor\laravel\framework\src\Illuminate\Routing\Router.php(628): Illuminate\Routing\Router->dispatchToRoute(Object(Illuminate\Http\Request))
#21 D:\websites\IntranetAPI\vendor\laravel\framework\src\Illuminate\Foundation\Http\Kernel.php(214): Illuminate\Routing\Router->dispatch(Object(Illuminate\Http\Request))
#22 [internal function]: Illuminate\Foundation\Http\Kernel->Illuminate\Foundation\Http\{closure}(Object(Illuminate\Http\Request))
#23 D:\websites\IntranetAPI\vendor\laravel\framework\src\Illuminate\Pipeline\Pipeline.php(141): call_user_func(Object(Closure), Object(Illuminate\Http\Request))
#24 D:\websites\IntranetAPI\vendor\laravel\framework\src\Illuminate\View\Middleware\ShareErrorsFromSession.php(55): Illuminate\Pipeline\Pipeline->Illuminate\Pipeline\{closure}(Object(Illuminate\Http\Request))
#25 D:\websites\IntranetAPI\vendor\laravel\framework\src\Illuminate\Pipeline\Pipeline.php(125): Illuminate\View\Middleware\ShareErrorsFromSession->handle(Object(Illuminate\Http\Request), Object(Closure))
#26 D:\websites\IntranetAPI\vendor\laravel\framework\src\Illuminate\Session\Middleware\StartSession.php(61): Illuminate\Pipeline\Pipeline->Illuminate\Pipeline\{closure}(Object(Illuminate\Http\Request))
#27 D:\websites\IntranetAPI\vendor\laravel\framework\src\Illuminate\Pipeline\Pipeline.php(125): Illuminate\Session\Middleware\StartSession->handle(Object(Illuminate\Http\Request), Object(Closure))
#28 D:\websites\IntranetAPI\vendor\laravel\framework\src\Illuminate\Cookie\Middleware\AddQueuedCookiesToResponse.php(36): Illuminate\Pipeline\Pipeline->Illuminate\Pipeline\{closure}(Object(Illuminate\Http\Request))
#29 D:\websites\IntranetAPI\vendor\laravel\framework\src\Illuminate\Pipeline\Pipeline.php(125): Illuminate\Cookie\Middleware\AddQueuedCookiesToResponse->handle(Object(Illuminate\Http\Request), Object(Closure))
#30 D:\websites\IntranetAPI\vendor\laravel\framework\src\Illuminate\Cookie\Middleware\EncryptCookies.php(40): Illuminate\Pipeline\Pipeline->Illuminate\Pipeline\{closure}(Object(Illuminate\Http\Request))
#31 D:\websites\IntranetAPI\vendor\laravel\framework\src\Illuminate\Pipeline\Pipeline.php(125): Illuminate\Cookie\Middleware\EncryptCookies->handle(Object(Illuminate\Http\Request), Object(Closure))
#32 D:\websites\IntranetAPI\vendor\laravel\framework\src\Illuminate\Foundation\Http\Middleware\CheckForMaintenanceMode.php(42): Illuminate\Pipeline\Pipeline->Illuminate\Pipeline\{closure}(Object(Illuminate\Http\Request))
#33 D:\websites\IntranetAPI\vendor\laravel\framework\src\Illuminate\Pipeline\Pipeline.php(125): Illuminate\Foundation\Http\Middleware\CheckForMaintenanceMode->handle(Object(Illuminate\Http\Request), Object(Closure))
#34 [internal function]: Illuminate\Pipeline\Pipeline->Illuminate\Pipeline\{closure}(Object(Illuminate\Http\Request))
#35 D:\websites\IntranetAPI\vendor\laravel\framework\src\Illuminate\Pipeline\Pipeline.php(101): call_user_func(Object(Closure), Object(Illuminate\Http\Request))
#36 D:\websites\IntranetAPI\vendor\laravel\framework\src\Illuminate\Foundation\Http\Kernel.php(115): Illuminate\Pipeline\Pipeline->then(Object(Closure))
#37 D:\websites\IntranetAPI\vendor\laravel\framework\src\Illuminate\Foundation\Http\Kernel.php(84): Illuminate\Foundation\Http\Kernel->sendRequestThroughRouter(Object(Illuminate\Http\Request))
#38 D:\websites\IntranetAPI\public\index.php(53): Illuminate\Foundation\Http\Kernel->handle(Object(Illuminate\Http\Request))
#39 {main}  
[2015-06-27 11:55:10] local.ERROR: exception 'ReflectionException' with message 'Class App\Http\Controllers\Admin\Request does not exist' in D:\websites\IntranetAPI\vendor\laravel\framework\src\Illuminate\Routing\RouteDependencyResolverTrait.php:53
Stack trace:
#0 D:\websites\IntranetAPI\vendor\laravel\framework\src\Illuminate\Routing\RouteDependencyResolverTrait.php(53): ReflectionParameter->getClass()
#1 D:\websites\IntranetAPI\vendor\laravel\framework\src\Illuminate\Routing\RouteDependencyResolverTrait.php(36): Illuminate\Routing\ControllerDispatcher->resolveMethodDependencies(Array, Object(ReflectionMethod))
#2 D:\websites\IntranetAPI\vendor\laravel\framework\src\Illuminate\Routing\ControllerDispatcher.php(160): Illuminate\Routing\ControllerDispatcher->resolveClassMethodDependencies(Array, Object(App\Http\Controllers\Admin\UserController), 'save')
#3 D:\websites\IntranetAPI\vendor\laravel\framework\src\Illuminate\Routing\ControllerDispatcher.php(107): Illuminate\Routing\ControllerDispatcher->call(Object(App\Http\Controllers\Admin\UserController), Object(Illuminate\Routing\Route), 'save')
#4 [internal function]: Illuminate\Routing\ControllerDispatcher->Illuminate\Routing\{closure}(Object(Illuminate\Http\Request))
#5 D:\websites\IntranetAPI\vendor\laravel\framework\src\Illuminate\Pipeline\Pipeline.php(141): call_user_func(Object(Closure), Object(Illuminate\Http\Request))
#6 [internal function]: Illuminate\Pipeline\Pipeline->Illuminate\Pipeline\{closure}(Object(Illuminate\Http\Request))
#7 D:\websites\IntranetAPI\vendor\laravel\framework\src\Illuminate\Pipeline\Pipeline.php(101): call_user_func(Object(Closure), Object(Illuminate\Http\Request))
#8 D:\websites\IntranetAPI\vendor\laravel\framework\src\Illuminate\Routing\ControllerDispatcher.php(108): Illuminate\Pipeline\Pipeline->then(Object(Closure))
#9 D:\websites\IntranetAPI\vendor\laravel\framework\src\Illuminate\Routing\ControllerDispatcher.php(67): Illuminate\Routing\ControllerDispatcher->callWithinStack(Object(App\Http\Controllers\Admin\UserController), Object(Illuminate\Routing\Route), Object(Illuminate\Http\Request), 'save')
#10 D:\websites\IntranetAPI\vendor\laravel\framework\src\Illuminate\Routing\Route.php(204): Illuminate\Routing\ControllerDispatcher->dispatch(Object(Illuminate\Routing\Route), Object(Illuminate\Http\Request), 'App\\Http\\Contro...', 'save')
#11 D:\websites\IntranetAPI\vendor\laravel\framework\src\Illuminate\Routing\Route.php(134): Illuminate\Routing\Route->runWithCustomDispatcher(Object(Illuminate\Http\Request))
#12 D:\websites\IntranetAPI\vendor\laravel\framework\src\Illuminate\Routing\Router.php(701): Illuminate\Routing\Route->run(Object(Illuminate\Http\Request))
#13 [internal function]: Illuminate\Routing\Router->Illuminate\Routing\{closure}(Object(Illuminate\Http\Request))
#14 D:\websites\IntranetAPI\vendor\laravel\framework\src\Illuminate\Pipeline\Pipeline.php(141): call_user_func(Object(Closure), Object(Illuminate\Http\Request))
#15 [internal function]: Illuminate\Pipeline\Pipeline->Illuminate\Pipeline\{closure}(Object(Illuminate\Http\Request))
#16 D:\websites\IntranetAPI\vendor\laravel\framework\src\Illuminate\Pipeline\Pipeline.php(101): call_user_func(Object(Closure), Object(Illuminate\Http\Request))
#17 D:\websites\IntranetAPI\vendor\laravel\framework\src\Illuminate\Routing\Router.php(703): Illuminate\Pipeline\Pipeline->then(Object(Closure))
#18 D:\websites\IntranetAPI\vendor\laravel\framework\src\Illuminate\Routing\Router.php(670): Illuminate\Routing\Router->runRouteWithinStack(Object(Illuminate\Routing\Route), Object(Illuminate\Http\Request))
#19 D:\websites\IntranetAPI\vendor\laravel\framework\src\Illuminate\Routing\Router.php(628): Illuminate\Routing\Router->dispatchToRoute(Object(Illuminate\Http\Request))
#20 D:\websites\IntranetAPI\vendor\laravel\framework\src\Illuminate\Foundation\Http\Kernel.php(214): Illuminate\Routing\Router->dispatch(Object(Illuminate\Http\Request))
#21 [internal function]: Illuminate\Foundation\Http\Kernel->Illuminate\Foundation\Http\{closure}(Object(Illuminate\Http\Request))
#22 D:\websites\IntranetAPI\vendor\laravel\framework\src\Illuminate\Pipeline\Pipeline.php(141): call_user_func(Object(Closure), Object(Illuminate\Http\Request))
#23 D:\websites\IntranetAPI\vendor\laravel\framework\src\Illuminate\View\Middleware\ShareErrorsFromSession.php(55): Illuminate\Pipeline\Pipeline->Illuminate\Pipeline\{closure}(Object(Illuminate\Http\Request))
#24 D:\websites\IntranetAPI\vendor\laravel\framework\src\Illuminate\Pipeline\Pipeline.php(125): Illuminate\View\Middleware\ShareErrorsFromSession->handle(Object(Illuminate\Http\Request), Object(Closure))
#25 D:\websites\IntranetAPI\vendor\laravel\framework\src\Illuminate\Session\Middleware\StartSession.php(61): Illuminate\Pipeline\Pipeline->Illuminate\Pipeline\{closure}(Object(Illuminate\Http\Request))
#26 D:\websites\IntranetAPI\vendor\laravel\framework\src\Illuminate\Pipeline\Pipeline.php(125): Illuminate\Session\Middleware\StartSession->handle(Object(Illuminate\Http\Request), Object(Closure))
#27 D:\websites\IntranetAPI\vendor\laravel\framework\src\Illuminate\Cookie\Middleware\AddQueuedCookiesToResponse.php(36): Illuminate\Pipeline\Pipeline->Illuminate\Pipeline\{closure}(Object(Illuminate\Http\Request))
#28 D:\websites\IntranetAPI\vendor\laravel\framework\src\Illuminate\Pipeline\Pipeline.php(125): Illuminate\Cookie\Middleware\AddQueuedCookiesToResponse->handle(Object(Illuminate\Http\Request), Object(Closure))
#29 D:\websites\IntranetAPI\vendor\laravel\framework\src\Illuminate\Cookie\Middleware\EncryptCookies.php(40): Illuminate\Pipeline\Pipeline->Illuminate\Pipeline\{closure}(Object(Illuminate\Http\Request))
#30 D:\websites\IntranetAPI\vendor\laravel\framework\src\Illuminate\Pipeline\Pipeline.php(125): Illuminate\Cookie\Middleware\EncryptCookies->handle(Object(Illuminate\Http\Request), Object(Closure))
#31 D:\websites\IntranetAPI\vendor\laravel\framework\src\Illuminate\Foundation\Http\Middleware\CheckForMaintenanceMode.php(42): Illuminate\Pipeline\Pipeline->Illuminate\Pipeline\{closure}(Object(Illuminate\Http\Request))
#32 D:\websites\IntranetAPI\vendor\laravel\framework\src\Illuminate\Pipeline\Pipeline.php(125): Illuminate\Foundation\Http\Middleware\CheckForMaintenanceMode->handle(Object(Illuminate\Http\Request), Object(Closure))
#33 [internal function]: Illuminate\Pipeline\Pipeline->Illuminate\Pipeline\{closure}(Object(Illuminate\Http\Request))
#34 D:\websites\IntranetAPI\vendor\laravel\framework\src\Illuminate\Pipeline\Pipeline.php(101): call_user_func(Object(Closure), Object(Illuminate\Http\Request))
#35 D:\websites\IntranetAPI\vendor\laravel\framework\src\Illuminate\Foundation\Http\Kernel.php(115): Illuminate\Pipeline\Pipeline->then(Object(Closure))
#36 D:\websites\IntranetAPI\vendor\laravel\framework\src\Illuminate\Foundation\Http\Kernel.php(84): Illuminate\Foundation\Http\Kernel->sendRequestThroughRouter(Object(Illuminate\Http\Request))
#37 D:\websites\IntranetAPI\public\index.php(53): Illuminate\Foundation\Http\Kernel->handle(Object(Illuminate\Http\Request))
#38 {main}  
