[2015-07-08 08:19:14] local.ERROR: exception 'Tymon\JWTAuth\Exceptions\JWTException' with message 'A token is required' in D:\websites\IntranetAPI\vendor\tymon\jwt-auth\src\JWTAuth.php:286
Stack trace:
#0 D:\websites\IntranetAPI\vendor\tymon\jwt-auth\src\JWTAuth.php(179): Tymon\JWTAuth\JWTAuth->requireToken(false)
#1 D:\websites\IntranetAPI\vendor\tymon\jwt-auth\src\JWTAuth.php(65): Tymon\JWTAuth\JWTAuth->getPayload(false)
#2 D:\websites\IntranetAPI\vendor\laravel\framework\src\Illuminate\Support\Facades\Facade.php(210): Tymon\JWTAuth\JWTAuth->toUser(false)
#3 D:\websites\IntranetAPI\app\Http\routes.php(50): Illuminate\Support\Facades\Facade::__callStatic('toUser', Array)
#4 D:\websites\IntranetAPI\app\Http\routes.php(50): Tymon\JWTAuth\Facades\JWTAuth::toUser(false)
#5 [internal function]: App\Providers\RouteServiceProvider->{closure}()
#6 D:\websites\IntranetAPI\vendor\laravel\framework\src\Illuminate\Routing\Route.php(157): call_user_func_array(Object(Closure), Array)
#7 D:\websites\IntranetAPI\vendor\laravel\framework\src\Illuminate\Routing\Route.php(129): Illuminate\Routing\Route->runCallable(Object(Illuminate\Http\Request))
#8 D:\websites\IntranetAPI\vendor\laravel\framework\src\Illuminate\Routing\Router.php(701): Illuminate\Routing\Route->run(Object(Illuminate\Http\Request))
#9 [internal function]: Illuminate\Routing\Router->Illuminate\Routing\{closure}(Object(Illuminate\Http\Request))
#10 D:\websites\IntranetAPI\vendor\laravel\framework\src\Illuminate\Pipeline\Pipeline.php(141): call_user_func(Object(Closure), Object(Illuminate\Http\Request))
#11 D:\websites\IntranetAPI\vendor\barryvdh\laravel-cors\src\HandleCors.php(34): Illuminate\Pipeline\Pipeline->Illuminate\Pipeline\{closure}(Object(Illuminate\Http\Request))
#12 D:\websites\IntranetAPI\vendor\laravel\framework\src\Illuminate\Pipeline\Pipeline.php(125): Barryvdh\Cors\HandleCors->handle(Object(Illuminate\Http\Request), Object(Closure))
#13 [internal function]: Illuminate\Pipeline\Pipeline->Illuminate\Pipeline\{closure}(Object(Illuminate\Http\Request))
#14 D:\websites\IntranetAPI\vendor\laravel\framework\src\Illuminate\Pipeline\Pipeline.php(101): call_user_func(Object(Closure), Object(Illuminate\Http\Request))
#15 D:\websites\IntranetAPI\vendor\laravel\framework\src\Illuminate\Routing\Router.php(703): Illuminate\Pipeline\Pipeline->then(Object(Closure))
#16 D:\websites\IntranetAPI\vendor\laravel\framework\src\Illuminate\Routing\Router.php(670): Illuminate\Routing\Router->runRouteWithinStack(Object(Illuminate\Routing\Route), Object(Illuminate\Http\Request))
#17 D:\websites\IntranetAPI\vendor\laravel\framework\src\Illuminate\Routing\Router.php(628): Illuminate\Routing\Router->dispatchToRoute(Object(Illuminate\Http\Request))
#18 D:\websites\IntranetAPI\vendor\laravel\framework\src\Illuminate\Foundation\Http\Kernel.php(214): Illuminate\Routing\Router->dispatch(Object(Illuminate\Http\Request))
#19 [internal function]: Illuminate\Foundation\Http\Kernel->Illuminate\Foundation\Http\{closure}(Object(Illuminate\Http\Request))
#20 D:\websites\IntranetAPI\vendor\laravel\framework\src\Illuminate\Pipeline\Pipeline.php(141): call_user_func(Object(Closure), Object(Illuminate\Http\Request))
#21 D:\websites\IntranetAPI\vendor\laravel\framework\src\Illuminate\View\Middleware\ShareErrorsFromSession.php(55): Illuminate\Pipeline\Pipeline->Illuminate\Pipeline\{closure}(Object(Illuminate\Http\Request))
#22 D:\websites\IntranetAPI\vendor\laravel\framework\src\Illuminate\Pipeline\Pipeline.php(125): Illuminate\View\Middleware\ShareErrorsFromSession->handle(Object(Illuminate\Http\Request), Object(Closure))
#23 D:\websites\IntranetAPI\vendor\laravel\framework\src\Illuminate\Session\Middleware\StartSession.php(61): Illuminate\Pipeline\Pipeline->Illuminate\Pipeline\{closure}(Object(Illuminate\Http\Request))
#24 D:\websites\IntranetAPI\vendor\laravel\framework\src\Illuminate\Pipeline\Pipeline.php(125): Illuminate\Session\Middleware\StartSession->handle(Object(Illuminate\Http\Request), Object(Closure))
#25 D:\websites\IntranetAPI\vendor\laravel\framework\src\Illuminate\Cookie\Middleware\AddQueuedCookiesToResponse.php(36): Illuminate\Pipeline\Pipeline->Illuminate\Pipeline\{closure}(Object(Illuminate\Http\Request))
#26 D:\websites\IntranetAPI\vendor\laravel\framework\src\Illuminate\Pipeline\Pipeline.php(125): Illuminate\Cookie\Middleware\AddQueuedCookiesToResponse->handle(Object(Illuminate\Http\Request), Object(Closure))
#27 D:\websites\IntranetAPI\vendor\laravel\framework\src\Illuminate\Cookie\Middleware\EncryptCookies.php(40): Illuminate\Pipeline\Pipeline->Illuminate\Pipeline\{closure}(Object(Illuminate\Http\Request))
#28 D:\websites\IntranetAPI\vendor\laravel\framework\src\Illuminate\Pipeline\Pipeline.php(125): Illuminate\Cookie\Middleware\EncryptCookies->handle(Object(Illuminate\Http\Request), Object(Closure))
#29 D:\websites\IntranetAPI\vendor\laravel\framework\src\Illuminate\Foundation\Http\Middleware\CheckForMaintenanceMode.php(42): Illuminate\Pipeline\Pipeline->Illuminate\Pipeline\{closure}(Object(Illuminate\Http\Request))
#30 D:\websites\IntranetAPI\vendor\laravel\framework\src\Illuminate\Pipeline\Pipeline.php(125): Illuminate\Foundation\Http\Middleware\CheckForMaintenanceMode->handle(Object(Illuminate\Http\Request), Object(Closure))
#31 [internal function]: Illuminate\Pipeline\Pipeline->Illuminate\Pipeline\{closure}(Object(Illuminate\Http\Request))
#32 D:\websites\IntranetAPI\vendor\laravel\framework\src\Illuminate\Pipeline\Pipeline.php(101): call_user_func(Object(Closure), Object(Illuminate\Http\Request))
#33 D:\websites\IntranetAPI\vendor\laravel\framework\src\Illuminate\Foundation\Http\Kernel.php(115): Illuminate\Pipeline\Pipeline->then(Object(Closure))
#34 D:\websites\IntranetAPI\vendor\laravel\framework\src\Illuminate\Foundation\Http\Kernel.php(84): Illuminate\Foundation\Http\Kernel->sendRequestThroughRouter(Object(Illuminate\Http\Request))
#35 D:\websites\IntranetAPI\public\index.php(53): Illuminate\Foundation\Http\Kernel->handle(Object(Illuminate\Http\Request))
#36 {main}  
[2015-07-08 08:19:42] local.ERROR: exception 'Tymon\JWTAuth\Exceptions\JWTException' with message 'A token is required' in D:\websites\IntranetAPI\vendor\tymon\jwt-auth\src\JWTAuth.php:286
Stack trace:
#0 D:\websites\IntranetAPI\vendor\tymon\jwt-auth\src\JWTAuth.php(179): Tymon\JWTAuth\JWTAuth->requireToken(false)
#1 D:\websites\IntranetAPI\vendor\tymon\jwt-auth\src\JWTAuth.php(65): Tymon\JWTAuth\JWTAuth->getPayload(false)
#2 D:\websites\IntranetAPI\vendor\laravel\framework\src\Illuminate\Support\Facades\Facade.php(210): Tymon\JWTAuth\JWTAuth->toUser(false)
#3 D:\websites\IntranetAPI\app\Http\routes.php(50): Illuminate\Support\Facades\Facade::__callStatic('toUser', Array)
#4 D:\websites\IntranetAPI\app\Http\routes.php(50): Tymon\JWTAuth\Facades\JWTAuth::toUser(false)
#5 [internal function]: App\Providers\RouteServiceProvider->{closure}()
#6 D:\websites\IntranetAPI\vendor\laravel\framework\src\Illuminate\Routing\Route.php(157): call_user_func_array(Object(Closure), Array)
#7 D:\websites\IntranetAPI\vendor\laravel\framework\src\Illuminate\Routing\Route.php(129): Illuminate\Routing\Route->runCallable(Object(Illuminate\Http\Request))
#8 D:\websites\IntranetAPI\vendor\laravel\framework\src\Illuminate\Routing\Router.php(701): Illuminate\Routing\Route->run(Object(Illuminate\Http\Request))
#9 [internal function]: Illuminate\Routing\Router->Illuminate\Routing\{closure}(Object(Illuminate\Http\Request))
#10 D:\websites\IntranetAPI\vendor\laravel\framework\src\Illuminate\Pipeline\Pipeline.php(141): call_user_func(Object(Closure), Object(Illuminate\Http\Request))
#11 D:\websites\IntranetAPI\vendor\barryvdh\laravel-cors\src\HandleCors.php(27): Illuminate\Pipeline\Pipeline->Illuminate\Pipeline\{closure}(Object(Illuminate\Http\Request))
#12 D:\websites\IntranetAPI\vendor\laravel\framework\src\Illuminate\Pipeline\Pipeline.php(125): Barryvdh\Cors\HandleCors->handle(Object(Illuminate\Http\Request), Object(Closure))
#13 [internal function]: Illuminate\Pipeline\Pipeline->Illuminate\Pipeline\{closure}(Object(Illuminate\Http\Request))
#14 D:\websites\IntranetAPI\vendor\laravel\framework\src\Illuminate\Pipeline\Pipeline.php(101): call_user_func(Object(Closure), Object(Illuminate\Http\Request))
#15 D:\websites\IntranetAPI\vendor\laravel\framework\src\Illuminate\Routing\Router.php(703): Illuminate\Pipeline\Pipeline->then(Object(Closure))
#16 D:\websites\IntranetAPI\vendor\laravel\framework\src\Illuminate\Routing\Router.php(670): Illuminate\Routing\Router->runRouteWithinStack(Object(Illuminate\Routing\Route), Object(Illuminate\Http\Request))
#17 D:\websites\IntranetAPI\vendor\laravel\framework\src\Illuminate\Routing\Router.php(628): Illuminate\Routing\Router->dispatchToRoute(Object(Illuminate\Http\Request))
#18 D:\websites\IntranetAPI\vendor\laravel\framework\src\Illuminate\Foundation\Http\Kernel.php(214): Illuminate\Routing\Router->dispatch(Object(Illuminate\Http\Request))
#19 [internal function]: Illuminate\Foundation\Http\Kernel->Illuminate\Foundation\Http\{closure}(Object(Illuminate\Http\Request))
#20 D:\websites\IntranetAPI\vendor\laravel\framework\src\Illuminate\Pipeline\Pipeline.php(141): call_user_func(Object(Closure), Object(Illuminate\Http\Request))
#21 D:\websites\IntranetAPI\vendor\laravel\framework\src\Illuminate\View\Middleware\ShareErrorsFromSession.php(55): Illuminate\Pipeline\Pipeline->Illuminate\Pipeline\{closure}(Object(Illuminate\Http\Request))
#22 D:\websites\IntranetAPI\vendor\laravel\framework\src\Illuminate\Pipeline\Pipeline.php(125): Illuminate\View\Middleware\ShareErrorsFromSession->handle(Object(Illuminate\Http\Request), Object(Closure))
#23 D:\websites\IntranetAPI\vendor\laravel\framework\src\Illuminate\Session\Middleware\StartSession.php(61): Illuminate\Pipeline\Pipeline->Illuminate\Pipeline\{closure}(Object(Illuminate\Http\Request))
#24 D:\websites\IntranetAPI\vendor\laravel\framework\src\Illuminate\Pipeline\Pipeline.php(125): Illuminate\Session\Middleware\StartSession->handle(Object(Illuminate\Http\Request), Object(Closure))
#25 D:\websites\IntranetAPI\vendor\laravel\framework\src\Illuminate\Cookie\Middleware\AddQueuedCookiesToResponse.php(36): Illuminate\Pipeline\Pipeline->Illuminate\Pipeline\{closure}(Object(Illuminate\Http\Request))
#26 D:\websites\IntranetAPI\vendor\laravel\framework\src\Illuminate\Pipeline\Pipeline.php(125): Illuminate\Cookie\Middleware\AddQueuedCookiesToResponse->handle(Object(Illuminate\Http\Request), Object(Closure))
#27 D:\websites\IntranetAPI\vendor\laravel\framework\src\Illuminate\Cookie\Middleware\EncryptCookies.php(40): Illuminate\Pipeline\Pipeline->Illuminate\Pipeline\{closure}(Object(Illuminate\Http\Request))
#28 D:\websites\IntranetAPI\vendor\laravel\framework\src\Illuminate\Pipeline\Pipeline.php(125): Illuminate\Cookie\Middleware\EncryptCookies->handle(Object(Illuminate\Http\Request), Object(Closure))
#29 D:\websites\IntranetAPI\vendor\laravel\framework\src\Illuminate\Foundation\Http\Middleware\CheckForMaintenanceMode.php(42): Illuminate\Pipeline\Pipeline->Illuminate\Pipeline\{closure}(Object(Illuminate\Http\Request))
#30 D:\websites\IntranetAPI\vendor\laravel\framework\src\Illuminate\Pipeline\Pipeline.php(125): Illuminate\Foundation\Http\Middleware\CheckForMaintenanceMode->handle(Object(Illuminate\Http\Request), Object(Closure))
#31 [internal function]: Illuminate\Pipeline\Pipeline->Illuminate\Pipeline\{closure}(Object(Illuminate\Http\Request))
#32 D:\websites\IntranetAPI\vendor\laravel\framework\src\Illuminate\Pipeline\Pipeline.php(101): call_user_func(Object(Closure), Object(Illuminate\Http\Request))
#33 D:\websites\IntranetAPI\vendor\laravel\framework\src\Illuminate\Foundation\Http\Kernel.php(115): Illuminate\Pipeline\Pipeline->then(Object(Closure))
#34 D:\websites\IntranetAPI\vendor\laravel\framework\src\Illuminate\Foundation\Http\Kernel.php(84): Illuminate\Foundation\Http\Kernel->sendRequestThroughRouter(Object(Illuminate\Http\Request))
#35 D:\websites\IntranetAPI\public\index.php(53): Illuminate\Foundation\Http\Kernel->handle(Object(Illuminate\Http\Request))
#36 {main}  
[2015-07-08 08:19:42] local.ERROR: exception 'Tymon\JWTAuth\Exceptions\JWTException' with message 'A token is required' in D:\websites\IntranetAPI\vendor\tymon\jwt-auth\src\JWTAuth.php:286
Stack trace:
#0 D:\websites\IntranetAPI\vendor\tymon\jwt-auth\src\JWTAuth.php(179): Tymon\JWTAuth\JWTAuth->requireToken(false)
#1 D:\websites\IntranetAPI\vendor\tymon\jwt-auth\src\JWTAuth.php(65): Tymon\JWTAuth\JWTAuth->getPayload(false)
#2 D:\websites\IntranetAPI\vendor\laravel\framework\src\Illuminate\Support\Facades\Facade.php(210): Tymon\JWTAuth\JWTAuth->toUser(false)
#3 D:\websites\IntranetAPI\app\Http\routes.php(50): Illuminate\Support\Facades\Facade::__callStatic('toUser', Array)
#4 D:\websites\IntranetAPI\app\Http\routes.php(50): Tymon\JWTAuth\Facades\JWTAuth::toUser(false)
#5 [internal function]: App\Providers\RouteServiceProvider->{closure}()
#6 D:\websites\IntranetAPI\vendor\laravel\framework\src\Illuminate\Routing\Route.php(157): call_user_func_array(Object(Closure), Array)
#7 D:\websites\IntranetAPI\vendor\laravel\framework\src\Illuminate\Routing\Route.php(129): Illuminate\Routing\Route->runCallable(Object(Illuminate\Http\Request))
#8 D:\websites\IntranetAPI\vendor\laravel\framework\src\Illuminate\Routing\Router.php(701): Illuminate\Routing\Route->run(Object(Illuminate\Http\Request))
#9 [internal function]: Illuminate\Routing\Router->Illuminate\Routing\{closure}(Object(Illuminate\Http\Request))
#10 D:\websites\IntranetAPI\vendor\laravel\framework\src\Illuminate\Pipeline\Pipeline.php(141): call_user_func(Object(Closure), Object(Illuminate\Http\Request))
#11 D:\websites\IntranetAPI\vendor\barryvdh\laravel-cors\src\HandleCors.php(27): Illuminate\Pipeline\Pipeline->Illuminate\Pipeline\{closure}(Object(Illuminate\Http\Request))
#12 D:\websites\IntranetAPI\vendor\laravel\framework\src\Illuminate\Pipeline\Pipeline.php(125): Barryvdh\Cors\HandleCors->handle(Object(Illuminate\Http\Request), Object(Closure))
#13 [internal function]: Illuminate\Pipeline\Pipeline->Illuminate\Pipeline\{closure}(Object(Illuminate\Http\Request))
#14 D:\websites\IntranetAPI\vendor\laravel\framework\src\Illuminate\Pipeline\Pipeline.php(101): call_user_func(Object(Closure), Object(Illuminate\Http\Request))
#15 D:\websites\IntranetAPI\vendor\laravel\framework\src\Illuminate\Routing\Router.php(703): Illuminate\Pipeline\Pipeline->then(Object(Closure))
#16 D:\websites\IntranetAPI\vendor\laravel\framework\src\Illuminate\Routing\Router.php(670): Illuminate\Routing\Router->runRouteWithinStack(Object(Illuminate\Routing\Route), Object(Illuminate\Http\Request))
#17 D:\websites\IntranetAPI\vendor\laravel\framework\src\Illuminate\Routing\Router.php(628): Illuminate\Routing\Router->dispatchToRoute(Object(Illuminate\Http\Request))
#18 D:\websites\IntranetAPI\vendor\laravel\framework\src\Illuminate\Foundation\Http\Kernel.php(214): Illuminate\Routing\Router->dispatch(Object(Illuminate\Http\Request))
#19 [internal function]: Illuminate\Foundation\Http\Kernel->Illuminate\Foundation\Http\{closure}(Object(Illuminate\Http\Request))
#20 D:\websites\IntranetAPI\vendor\laravel\framework\src\Illuminate\Pipeline\Pipeline.php(141): call_user_func(Object(Closure), Object(Illuminate\Http\Request))
#21 D:\websites\IntranetAPI\vendor\laravel\framework\src\Illuminate\View\Middleware\ShareErrorsFromSession.php(55): Illuminate\Pipeline\Pipeline->Illuminate\Pipeline\{closure}(Object(Illuminate\Http\Request))
#22 D:\websites\IntranetAPI\vendor\laravel\framework\src\Illuminate\Pipeline\Pipeline.php(125): Illuminate\View\Middleware\ShareErrorsFromSession->handle(Object(Illuminate\Http\Request), Object(Closure))
#23 D:\websites\IntranetAPI\vendor\laravel\framework\src\Illuminate\Session\Middleware\StartSession.php(61): Illuminate\Pipeline\Pipeline->Illuminate\Pipeline\{closure}(Object(Illuminate\Http\Request))
#24 D:\websites\IntranetAPI\vendor\laravel\framework\src\Illuminate\Pipeline\Pipeline.php(125): Illuminate\Session\Middleware\StartSession->handle(Object(Illuminate\Http\Request), Object(Closure))
#25 D:\websites\IntranetAPI\vendor\laravel\framework\src\Illuminate\Cookie\Middleware\AddQueuedCookiesToResponse.php(36): Illuminate\Pipeline\Pipeline->Illuminate\Pipeline\{closure}(Object(Illuminate\Http\Request))
#26 D:\websites\IntranetAPI\vendor\laravel\framework\src\Illuminate\Pipeline\Pipeline.php(125): Illuminate\Cookie\Middleware\AddQueuedCookiesToResponse->handle(Object(Illuminate\Http\Request), Object(Closure))
#27 D:\websites\IntranetAPI\vendor\laravel\framework\src\Illuminate\Cookie\Middleware\EncryptCookies.php(40): Illuminate\Pipeline\Pipeline->Illuminate\Pipeline\{closure}(Object(Illuminate\Http\Request))
#28 D:\websites\IntranetAPI\vendor\laravel\framework\src\Illuminate\Pipeline\Pipeline.php(125): Illuminate\Cookie\Middleware\EncryptCookies->handle(Object(Illuminate\Http\Request), Object(Closure))
#29 D:\websites\IntranetAPI\vendor\laravel\framework\src\Illuminate\Foundation\Http\Middleware\CheckForMaintenanceMode.php(42): Illuminate\Pipeline\Pipeline->Illuminate\Pipeline\{closure}(Object(Illuminate\Http\Request))
#30 D:\websites\IntranetAPI\vendor\laravel\framework\src\Illuminate\Pipeline\Pipeline.php(125): Illuminate\Foundation\Http\Middleware\CheckForMaintenanceMode->handle(Object(Illuminate\Http\Request), Object(Closure))
#31 [internal function]: Illuminate\Pipeline\Pipeline->Illuminate\Pipeline\{closure}(Object(Illuminate\Http\Request))
#32 D:\websites\IntranetAPI\vendor\laravel\framework\src\Illuminate\Pipeline\Pipeline.php(101): call_user_func(Object(Closure), Object(Illuminate\Http\Request))
#33 D:\websites\IntranetAPI\vendor\laravel\framework\src\Illuminate\Foundation\Http\Kernel.php(115): Illuminate\Pipeline\Pipeline->then(Object(Closure))
#34 D:\websites\IntranetAPI\vendor\laravel\framework\src\Illuminate\Foundation\Http\Kernel.php(84): Illuminate\Foundation\Http\Kernel->sendRequestThroughRouter(Object(Illuminate\Http\Request))
#35 D:\websites\IntranetAPI\public\index.php(53): Illuminate\Foundation\Http\Kernel->handle(Object(Illuminate\Http\Request))
#36 {main}  
[2015-07-08 08:20:41] local.ERROR: exception 'Tymon\JWTAuth\Exceptions\JWTException' with message 'A token is required' in D:\websites\IntranetAPI\vendor\tymon\jwt-auth\src\JWTAuth.php:286
Stack trace:
#0 D:\websites\IntranetAPI\vendor\tymon\jwt-auth\src\JWTAuth.php(179): Tymon\JWTAuth\JWTAuth->requireToken(false)
#1 D:\websites\IntranetAPI\vendor\tymon\jwt-auth\src\JWTAuth.php(65): Tymon\JWTAuth\JWTAuth->getPayload(false)
#2 D:\websites\IntranetAPI\vendor\laravel\framework\src\Illuminate\Support\Facades\Facade.php(210): Tymon\JWTAuth\JWTAuth->toUser(false)
#3 D:\websites\IntranetAPI\app\Http\routes.php(50): Illuminate\Support\Facades\Facade::__callStatic('toUser', Array)
#4 D:\websites\IntranetAPI\app\Http\routes.php(50): Tymon\JWTAuth\Facades\JWTAuth::toUser(false)
#5 [internal function]: App\Providers\RouteServiceProvider->{closure}()
#6 D:\websites\IntranetAPI\vendor\laravel\framework\src\Illuminate\Routing\Route.php(157): call_user_func_array(Object(Closure), Array)
#7 D:\websites\IntranetAPI\vendor\laravel\framework\src\Illuminate\Routing\Route.php(129): Illuminate\Routing\Route->runCallable(Object(Illuminate\Http\Request))
#8 D:\websites\IntranetAPI\vendor\laravel\framework\src\Illuminate\Routing\Router.php(701): Illuminate\Routing\Route->run(Object(Illuminate\Http\Request))
#9 [internal function]: Illuminate\Routing\Router->Illuminate\Routing\{closure}(Object(Illuminate\Http\Request))
#10 D:\websites\IntranetAPI\vendor\laravel\framework\src\Illuminate\Pipeline\Pipeline.php(141): call_user_func(Object(Closure), Object(Illuminate\Http\Request))
#11 D:\websites\IntranetAPI\vendor\barryvdh\laravel-cors\src\HandleCors.php(27): Illuminate\Pipeline\Pipeline->Illuminate\Pipeline\{closure}(Object(Illuminate\Http\Request))
#12 D:\websites\IntranetAPI\vendor\laravel\framework\src\Illuminate\Pipeline\Pipeline.php(125): Barryvdh\Cors\HandleCors->handle(Object(Illuminate\Http\Request), Object(Closure))
#13 [internal function]: Illuminate\Pipeline\Pipeline->Illuminate\Pipeline\{closure}(Object(Illuminate\Http\Request))
#14 D:\websites\IntranetAPI\vendor\laravel\framework\src\Illuminate\Pipeline\Pipeline.php(101): call_user_func(Object(Closure), Object(Illuminate\Http\Request))
#15 D:\websites\IntranetAPI\vendor\laravel\framework\src\Illuminate\Routing\Router.php(703): Illuminate\Pipeline\Pipeline->then(Object(Closure))
#16 D:\websites\IntranetAPI\vendor\laravel\framework\src\Illuminate\Routing\Router.php(670): Illuminate\Routing\Router->runRouteWithinStack(Object(Illuminate\Routing\Route), Object(Illuminate\Http\Request))
#17 D:\websites\IntranetAPI\vendor\laravel\framework\src\Illuminate\Routing\Router.php(628): Illuminate\Routing\Router->dispatchToRoute(Object(Illuminate\Http\Request))
#18 D:\websites\IntranetAPI\vendor\laravel\framework\src\Illuminate\Foundation\Http\Kernel.php(214): Illuminate\Routing\Router->dispatch(Object(Illuminate\Http\Request))
#19 [internal function]: Illuminate\Foundation\Http\Kernel->Illuminate\Foundation\Http\{closure}(Object(Illuminate\Http\Request))
#20 D:\websites\IntranetAPI\vendor\laravel\framework\src\Illuminate\Pipeline\Pipeline.php(141): call_user_func(Object(Closure), Object(Illuminate\Http\Request))
#21 D:\websites\IntranetAPI\vendor\laravel\framework\src\Illuminate\View\Middleware\ShareErrorsFromSession.php(55): Illuminate\Pipeline\Pipeline->Illuminate\Pipeline\{closure}(Object(Illuminate\Http\Request))
#22 D:\websites\IntranetAPI\vendor\laravel\framework\src\Illuminate\Pipeline\Pipeline.php(125): Illuminate\View\Middleware\ShareErrorsFromSession->handle(Object(Illuminate\Http\Request), Object(Closure))
#23 D:\websites\IntranetAPI\vendor\laravel\framework\src\Illuminate\Session\Middleware\StartSession.php(61): Illuminate\Pipeline\Pipeline->Illuminate\Pipeline\{closure}(Object(Illuminate\Http\Request))
#24 D:\websites\IntranetAPI\vendor\laravel\framework\src\Illuminate\Pipeline\Pipeline.php(125): Illuminate\Session\Middleware\StartSession->handle(Object(Illuminate\Http\Request), Object(Closure))
#25 D:\websites\IntranetAPI\vendor\laravel\framework\src\Illuminate\Cookie\Middleware\AddQueuedCookiesToResponse.php(36): Illuminate\Pipeline\Pipeline->Illuminate\Pipeline\{closure}(Object(Illuminate\Http\Request))
#26 D:\websites\IntranetAPI\vendor\laravel\framework\src\Illuminate\Pipeline\Pipeline.php(125): Illuminate\Cookie\Middleware\AddQueuedCookiesToResponse->handle(Object(Illuminate\Http\Request), Object(Closure))
#27 D:\websites\IntranetAPI\vendor\laravel\framework\src\Illuminate\Cookie\Middleware\EncryptCookies.php(40): Illuminate\Pipeline\Pipeline->Illuminate\Pipeline\{closure}(Object(Illuminate\Http\Request))
#28 D:\websites\IntranetAPI\vendor\laravel\framework\src\Illuminate\Pipeline\Pipeline.php(125): Illuminate\Cookie\Middleware\EncryptCookies->handle(Object(Illuminate\Http\Request), Object(Closure))
#29 D:\websites\IntranetAPI\vendor\laravel\framework\src\Illuminate\Foundation\Http\Middleware\CheckForMaintenanceMode.php(42): Illuminate\Pipeline\Pipeline->Illuminate\Pipeline\{closure}(Object(Illuminate\Http\Request))
#30 D:\websites\IntranetAPI\vendor\laravel\framework\src\Illuminate\Pipeline\Pipeline.php(125): Illuminate\Foundation\Http\Middleware\CheckForMaintenanceMode->handle(Object(Illuminate\Http\Request), Object(Closure))
#31 [internal function]: Illuminate\Pipeline\Pipeline->Illuminate\Pipeline\{closure}(Object(Illuminate\Http\Request))
#32 D:\websites\IntranetAPI\vendor\laravel\framework\src\Illuminate\Pipeline\Pipeline.php(101): call_user_func(Object(Closure), Object(Illuminate\Http\Request))
#33 D:\websites\IntranetAPI\vendor\laravel\framework\src\Illuminate\Foundation\Http\Kernel.php(115): Illuminate\Pipeline\Pipeline->then(Object(Closure))
#34 D:\websites\IntranetAPI\vendor\laravel\framework\src\Illuminate\Foundation\Http\Kernel.php(84): Illuminate\Foundation\Http\Kernel->sendRequestThroughRouter(Object(Illuminate\Http\Request))
#35 D:\websites\IntranetAPI\public\index.php(53): Illuminate\Foundation\Http\Kernel->handle(Object(Illuminate\Http\Request))
#36 {main}  
[2015-07-08 08:21:27] local.ERROR: exception 'Tymon\JWTAuth\Exceptions\JWTException' with message 'A token is required' in D:\websites\IntranetAPI\vendor\tymon\jwt-auth\src\JWTAuth.php:286
Stack trace:
#0 D:\websites\IntranetAPI\vendor\tymon\jwt-auth\src\JWTAuth.php(179): Tymon\JWTAuth\JWTAuth->requireToken(false)
#1 D:\websites\IntranetAPI\vendor\tymon\jwt-auth\src\JWTAuth.php(65): Tymon\JWTAuth\JWTAuth->getPayload(false)
#2 D:\websites\IntranetAPI\vendor\laravel\framework\src\Illuminate\Support\Facades\Facade.php(210): Tymon\JWTAuth\JWTAuth->toUser(false)
#3 D:\websites\IntranetAPI\app\Http\routes.php(50): Illuminate\Support\Facades\Facade::__callStatic('toUser', Array)
#4 D:\websites\IntranetAPI\app\Http\routes.php(50): Tymon\JWTAuth\Facades\JWTAuth::toUser(false)
#5 [internal function]: App\Providers\RouteServiceProvider->{closure}()
#6 D:\websites\IntranetAPI\vendor\laravel\framework\src\Illuminate\Routing\Route.php(157): call_user_func_array(Object(Closure), Array)
#7 D:\websites\IntranetAPI\vendor\laravel\framework\src\Illuminate\Routing\Route.php(129): Illuminate\Routing\Route->runCallable(Object(Illuminate\Http\Request))
#8 D:\websites\IntranetAPI\vendor\laravel\framework\src\Illuminate\Routing\Router.php(701): Illuminate\Routing\Route->run(Object(Illuminate\Http\Request))
#9 [internal function]: Illuminate\Routing\Router->Illuminate\Routing\{closure}(Object(Illuminate\Http\Request))
#10 D:\websites\IntranetAPI\vendor\laravel\framework\src\Illuminate\Pipeline\Pipeline.php(141): call_user_func(Object(Closure), Object(Illuminate\Http\Request))
#11 D:\websites\IntranetAPI\vendor\barryvdh\laravel-cors\src\HandleCors.php(27): Illuminate\Pipeline\Pipeline->Illuminate\Pipeline\{closure}(Object(Illuminate\Http\Request))
#12 D:\websites\IntranetAPI\vendor\laravel\framework\src\Illuminate\Pipeline\Pipeline.php(125): Barryvdh\Cors\HandleCors->handle(Object(Illuminate\Http\Request), Object(Closure))
#13 [internal function]: Illuminate\Pipeline\Pipeline->Illuminate\Pipeline\{closure}(Object(Illuminate\Http\Request))
#14 D:\websites\IntranetAPI\vendor\laravel\framework\src\Illuminate\Pipeline\Pipeline.php(101): call_user_func(Object(Closure), Object(Illuminate\Http\Request))
#15 D:\websites\IntranetAPI\vendor\laravel\framework\src\Illuminate\Routing\Router.php(703): Illuminate\Pipeline\Pipeline->then(Object(Closure))
#16 D:\websites\IntranetAPI\vendor\laravel\framework\src\Illuminate\Routing\Router.php(670): Illuminate\Routing\Router->runRouteWithinStack(Object(Illuminate\Routing\Route), Object(Illuminate\Http\Request))
#17 D:\websites\IntranetAPI\vendor\laravel\framework\src\Illuminate\Routing\Router.php(628): Illuminate\Routing\Router->dispatchToRoute(Object(Illuminate\Http\Request))
#18 D:\websites\IntranetAPI\vendor\laravel\framework\src\Illuminate\Foundation\Http\Kernel.php(214): Illuminate\Routing\Router->dispatch(Object(Illuminate\Http\Request))
#19 [internal function]: Illuminate\Foundation\Http\Kernel->Illuminate\Foundation\Http\{closure}(Object(Illuminate\Http\Request))
#20 D:\websites\IntranetAPI\vendor\laravel\framework\src\Illuminate\Pipeline\Pipeline.php(141): call_user_func(Object(Closure), Object(Illuminate\Http\Request))
#21 D:\websites\IntranetAPI\vendor\laravel\framework\src\Illuminate\View\Middleware\ShareErrorsFromSession.php(55): Illuminate\Pipeline\Pipeline->Illuminate\Pipeline\{closure}(Object(Illuminate\Http\Request))
#22 D:\websites\IntranetAPI\vendor\laravel\framework\src\Illuminate\Pipeline\Pipeline.php(125): Illuminate\View\Middleware\ShareErrorsFromSession->handle(Object(Illuminate\Http\Request), Object(Closure))
#23 D:\websites\IntranetAPI\vendor\laravel\framework\src\Illuminate\Session\Middleware\StartSession.php(61): Illuminate\Pipeline\Pipeline->Illuminate\Pipeline\{closure}(Object(Illuminate\Http\Request))
#24 D:\websites\IntranetAPI\vendor\laravel\framework\src\Illuminate\Pipeline\Pipeline.php(125): Illuminate\Session\Middleware\StartSession->handle(Object(Illuminate\Http\Request), Object(Closure))
#25 D:\websites\IntranetAPI\vendor\laravel\framework\src\Illuminate\Cookie\Middleware\AddQueuedCookiesToResponse.php(36): Illuminate\Pipeline\Pipeline->Illuminate\Pipeline\{closure}(Object(Illuminate\Http\Request))
#26 D:\websites\IntranetAPI\vendor\laravel\framework\src\Illuminate\Pipeline\Pipeline.php(125): Illuminate\Cookie\Middleware\AddQueuedCookiesToResponse->handle(Object(Illuminate\Http\Request), Object(Closure))
#27 D:\websites\IntranetAPI\vendor\laravel\framework\src\Illuminate\Cookie\Middleware\EncryptCookies.php(40): Illuminate\Pipeline\Pipeline->Illuminate\Pipeline\{closure}(Object(Illuminate\Http\Request))
#28 D:\websites\IntranetAPI\vendor\laravel\framework\src\Illuminate\Pipeline\Pipeline.php(125): Illuminate\Cookie\Middleware\EncryptCookies->handle(Object(Illuminate\Http\Request), Object(Closure))
#29 D:\websites\IntranetAPI\vendor\laravel\framework\src\Illuminate\Foundation\Http\Middleware\CheckForMaintenanceMode.php(42): Illuminate\Pipeline\Pipeline->Illuminate\Pipeline\{closure}(Object(Illuminate\Http\Request))
#30 D:\websites\IntranetAPI\vendor\laravel\framework\src\Illuminate\Pipeline\Pipeline.php(125): Illuminate\Foundation\Http\Middleware\CheckForMaintenanceMode->handle(Object(Illuminate\Http\Request), Object(Closure))
#31 [internal function]: Illuminate\Pipeline\Pipeline->Illuminate\Pipeline\{closure}(Object(Illuminate\Http\Request))
#32 D:\websites\IntranetAPI\vendor\laravel\framework\src\Illuminate\Pipeline\Pipeline.php(101): call_user_func(Object(Closure), Object(Illuminate\Http\Request))
#33 D:\websites\IntranetAPI\vendor\laravel\framework\src\Illuminate\Foundation\Http\Kernel.php(115): Illuminate\Pipeline\Pipeline->then(Object(Closure))
#34 D:\websites\IntranetAPI\vendor\laravel\framework\src\Illuminate\Foundation\Http\Kernel.php(84): Illuminate\Foundation\Http\Kernel->sendRequestThroughRouter(Object(Illuminate\Http\Request))
#35 D:\websites\IntranetAPI\public\index.php(53): Illuminate\Foundation\Http\Kernel->handle(Object(Illuminate\Http\Request))
#36 {main}  
