[Fri Jun 26 10:46:27.567413 2015] [ssl:warn] [pid 14896:tid 472] AH01906: api.intranet.com:443:0 server certificate is a CA certificate (BasicConstraints: CA == TRUE !?)
[Fri Jun 26 10:46:27.568414 2015] [ssl:warn] [pid 14896:tid 472] AH01909: api.intranet.com:443:0 server certificate does NOT include an ID which matches the server name
[Fri Jun 26 10:46:27.802579 2015] [ssl:warn] [pid 14896:tid 472] AH01906: api.intranet.com:443:0 server certificate is a CA certificate (BasicConstraints: CA == TRUE !?)
[Fri Jun 26 10:46:27.802579 2015] [ssl:warn] [pid 14896:tid 472] AH01909: api.intranet.com:443:0 server certificate does NOT include an ID which matches the server name
[Fri Jun 26 10:46:29.327660 2015] [ssl:warn] [pid 4992:tid 388] AH01906: api.intranet.com:443:0 server certificate is a CA certificate (BasicConstraints: CA == TRUE !?)
[Fri Jun 26 10:46:29.328661 2015] [ssl:warn] [pid 4992:tid 388] AH01909: api.intranet.com:443:0 server certificate does NOT include an ID which matches the server name
[Fri Jun 26 10:46:29.501783 2015] [ssl:warn] [pid 4992:tid 388] AH01906: api.intranet.com:443:0 server certificate is a CA certificate (BasicConstraints: CA == TRUE !?)
[Fri Jun 26 10:46:29.501783 2015] [ssl:warn] [pid 4992:tid 388] AH01909: api.intranet.com:443:0 server certificate does NOT include an ID which matches the server name
[Fri Jun 26 10:51:54.289785 2015] [ssl:warn] [pid 5096:tid 472] AH01906: api.intranet.com:443:0 server certificate is a CA certificate (BasicConstraints: CA == TRUE !?)
[Fri Jun 26 10:51:54.492930 2015] [ssl:warn] [pid 5096:tid 472] AH01906: api.intranet.com:443:0 server certificate is a CA certificate (BasicConstraints: CA == TRUE !?)
[Fri Jun 26 10:51:54.895215 2015] [ssl:warn] [pid 15616:tid 368] AH01906: api.intranet.com:443:0 server certificate is a CA certificate (BasicConstraints: CA == TRUE !?)
[Fri Jun 26 10:51:55.074342 2015] [ssl:warn] [pid 15616:tid 368] AH01906: api.intranet.com:443:0 server certificate is a CA certificate (BasicConstraints: CA == TRUE !?)
[Fri Jun 26 10:56:18.564668 2015] [ssl:warn] [pid 20008:tid 476] AH01906: api.intranet.com:443:0 server certificate is a CA certificate (BasicConstraints: CA == TRUE !?)
[Fri Jun 26 10:56:18.809861 2015] [ssl:warn] [pid 20008:tid 476] AH01906: api.intranet.com:443:0 server certificate is a CA certificate (BasicConstraints: CA == TRUE !?)
[Fri Jun 26 10:56:19.246169 2015] [ssl:warn] [pid 7684:tid 376] AH01906: api.intranet.com:443:0 server certificate is a CA certificate (BasicConstraints: CA == TRUE !?)
[Fri Jun 26 10:56:19.439287 2015] [ssl:warn] [pid 7684:tid 376] AH01906: api.intranet.com:443:0 server certificate is a CA certificate (BasicConstraints: CA == TRUE !?)
[Fri Jun 26 10:56:55.324859 2015] [ssl:warn] [pid 16192:tid 476] AH01906: api.intranet.com:443:0 server certificate is a CA certificate (BasicConstraints: CA == TRUE !?)
[Fri Jun 26 10:56:55.551002 2015] [ssl:warn] [pid 16192:tid 476] AH01906: api.intranet.com:443:0 server certificate is a CA certificate (BasicConstraints: CA == TRUE !?)
[Fri Jun 26 10:56:55.999317 2015] [ssl:warn] [pid 13092:tid 368] AH01906: api.intranet.com:443:0 server certificate is a CA certificate (BasicConstraints: CA == TRUE !?)
[Fri Jun 26 10:56:56.203464 2015] [ssl:warn] [pid 13092:tid 368] AH01906: api.intranet.com:443:0 server certificate is a CA certificate (BasicConstraints: CA == TRUE !?)
[Mon Jun 29 09:16:41.809114 2015] [ssl:warn] [pid 3240:tid 488] AH01906: api.intranet.com:443:0 server certificate is a CA certificate (BasicConstraints: CA == TRUE !?)
[Mon Jun 29 09:16:42.443570 2015] [ssl:warn] [pid 3240:tid 488] AH01906: api.intranet.com:443:0 server certificate is a CA certificate (BasicConstraints: CA == TRUE !?)
[Mon Jun 29 09:16:42.883614 2015] [ssl:warn] [pid 6348:tid 376] AH01906: api.intranet.com:443:0 server certificate is a CA certificate (BasicConstraints: CA == TRUE !?)
[Mon Jun 29 09:16:43.048464 2015] [ssl:warn] [pid 6348:tid 376] AH01906: api.intranet.com:443:0 server certificate is a CA certificate (BasicConstraints: CA == TRUE !?)
[Tue Jun 30 13:59:53.728851 2015] [ssl:warn] [pid 12260:tid 444] AH01906: api.intranet.com:443:0 server certificate is a CA certificate (BasicConstraints: CA == TRUE !?)
[Tue Jun 30 13:59:54.006048 2015] [ssl:warn] [pid 12260:tid 444] AH01906: api.intranet.com:443:0 server certificate is a CA certificate (BasicConstraints: CA == TRUE !?)
[Tue Jun 30 13:59:55.057795 2015] [ssl:warn] [pid 4264:tid 280] AH01906: api.intranet.com:443:0 server certificate is a CA certificate (BasicConstraints: CA == TRUE !?)
[Tue Jun 30 13:59:55.248930 2015] [ssl:warn] [pid 4264:tid 280] AH01906: api.intranet.com:443:0 server certificate is a CA certificate (BasicConstraints: CA == TRUE !?)
[Tue Jul 07 11:42:05.657503 2015] [ssl:warn] [pid 15140:tid 480] AH01906: api.intranet.com:443:0 server certificate is a CA certificate (BasicConstraints: CA == TRUE !?)
[Tue Jul 07 11:42:05.869654 2015] [ssl:warn] [pid 15140:tid 480] AH01906: api.intranet.com:443:0 server certificate is a CA certificate (BasicConstraints: CA == TRUE !?)
[Tue Jul 07 11:42:07.288662 2015] [ssl:warn] [pid 10512:tid 368] AH01906: api.intranet.com:443:0 server certificate is a CA certificate (BasicConstraints: CA == TRUE !?)
[Tue Jul 07 11:42:07.485802 2015] [ssl:warn] [pid 10512:tid 368] AH01906: api.intranet.com:443:0 server certificate is a CA certificate (BasicConstraints: CA == TRUE !?)
[Tue Jul 07 11:52:28.362352 2015] [ssl:warn] [pid 13608:tid 480] AH01906: api.intranet.com:443:0 server certificate is a CA certificate (BasicConstraints: CA == TRUE !?)
[Tue Jul 07 11:52:28.538479 2015] [ssl:warn] [pid 13608:tid 480] AH01906: api.intranet.com:443:0 server certificate is a CA certificate (BasicConstraints: CA == TRUE !?)
[Tue Jul 07 11:52:28.943313 2015] [ssl:warn] [pid 13068:tid 372] AH01906: api.intranet.com:443:0 server certificate is a CA certificate (BasicConstraints: CA == TRUE !?)
[Tue Jul 07 11:52:29.126944 2015] [ssl:warn] [pid 13068:tid 372] AH01906: api.intranet.com:443:0 server certificate is a CA certificate (BasicConstraints: CA == TRUE !?)
[Tue Jul 07 18:42:11.966814 2015] [ssl:warn] [pid 2688:tid 476] AH01906: api.intranet.com:443:0 server certificate is a CA certificate (BasicConstraints: CA == TRUE !?)
[Tue Jul 07 18:42:12.152945 2015] [ssl:warn] [pid 2688:tid 476] AH01906: api.intranet.com:443:0 server certificate is a CA certificate (BasicConstraints: CA == TRUE !?)
[Tue Jul 07 18:42:12.570277 2015] [ssl:warn] [pid 17576:tid 388] AH01906: api.intranet.com:443:0 server certificate is a CA certificate (BasicConstraints: CA == TRUE !?)
[Tue Jul 07 18:42:12.752906 2015] [ssl:warn] [pid 17576:tid 388] AH01906: api.intranet.com:443:0 server certificate is a CA certificate (BasicConstraints: CA == TRUE !?)
